number,value,datetime_start,datetime_complete,duration,params_ema_span,params_gamma,params_imbalance_skew_factor,params_inventory_skew_factor,params_k,params_max_drawdown_pct,params_max_inventory_lots,params_range_spread_multiplier,params_tau,params_trend_size_multiplier,params_trend_spread_multiplier,state
0,-2.921388442413699,2026-07-19 20:27:00.672835,2026-07-19 20:27:01.423167,0 days 00:00:00.750332,10,0.05611516415334506,1.2022300234864176,2.2701814444901136,4.7782143788446225,0.04872223685309238,2,1.1063233020424545,1.5979909127171077,0.24646688973455957,1.3119890406724053,COMPLETE
1,-3.7798902096464033,2026-07-19 20:27:01.424549,2026-07-19 20:27:02.220589,0 days 00:00:00.796040,15,0.8706020878304853,0.5824582803960838,2.0296322368059485,4.2459918836018975,0.052008541182412056,1,0.802361513049481,0.8185086660174142,0.6198051453057902,1.6084844859190754,COMPLETE
2,-5.1933734190349705,2026-07-19 20:27:02.221240,2026-07-19 20:27:02.947820,0 days 00:00:00.726580,12,0.03839629299804171,1.2150897038028767,0.9263103092182288,2.148628294821613,0.05396085385900316,3,0.5325152889039984,1.1841049763255538,0.6739316550896339,2.0284688768272234,COMPLETE
3,-2.246599680201239,2026-07-19 20:27:02.948595,2026-07-19 20:27:03.725426,0 days 00:00:00.776831,47,0.7902619549708229,0.9903538202225404,0.585971302788046,4.845344148835517,0.041720653680766065,1,0.5854267643913451,1.7125960221746916,0.5521219949916811,2.3684660530243136,COMPLETE
4,-5.125807819215517,2026-07-19 20:27:03.726234,2026-07-19 20:27:04.447595,0 days 00:00:00.721361,34,0.032927591344236166,1.8789978831283782,2.737068376069122,3.481350279592919,0.09560523352119356,2,1.0425929763527801,0.9675666141341164,0.9756677022116469,1.369708911051054,COMPLETE
5,-3.848607000217158,2026-07-19 20:27:04.448435,2026-07-19 20:27:05.236751,0 days 00:00:00.788316,32,0.697828126512603,0.7135066533871786,1.2023362742184518,0.8982162592336378,0.06903963969159171,1,1.0801162564063505,0.7939742936287177,0.41707922541911674,1.777354579378964,COMPLETE
6,-5.998837387589787,2026-07-19 20:27:05.237405,2026-07-19 20:27:05.980895,0 days 00:00:00.743490,41,0.019135880487692304,1.4137146876952342,2.3225179201024684,4.109886413393179,0.12266937231559888,3,1.0708229999183838,0.6118259655196563,0.20441769369888194,1.3974313630683448,COMPLETE
7,-5.017688839115497,2026-07-19 20:27:05.981665,2026-07-19 20:27:06.809863,0 days 00:00:00.828198,36,0.014063366777718174,0.6503666440534941,2.32401544584516,2.113095778449227,0.10479577521930694,3,0.7176876252009635,0.6738035892876946,0.25084668022881895,1.6617960497052984,COMPLETE
8,-5.020562114248456,2026-07-19 20:27:06.810847,2026-07-19 20:27:07.593872,0 days 00:00:00.783025,11,0.594874681321977,1.0454656587639881,1.568852545896374,2.6249671632287717,0.12129420583402768,3,0.8456569174550734,0.6793913689074526,0.8167737439636489,2.1225543951389927,COMPLETE
9,-4.078505993071449,2026-07-19 20:27:07.594471,2026-07-19 20:27:08.423088,0 days 00:00:00.828617,13,0.016435497475111333,1.5111022770860973,1.0719954137290562,0.6414313355903041,0.09102848293976433,1,0.7872680461249408,1.4546156168956705,0.39943378331909996,2.8151329478521863,COMPLETE
10,-0.1926206358066033,2026-07-19 20:27:08.423721,2026-07-19 20:27:09.186949,0 days 00:00:00.763228,50,0.19321671435576382,0.14905621107980804,0.5307779239123438,3.0148290421586026,0.14545235227533274,2,0.5112279042953478,1.9543056661817984,0.5382010600155795,2.8153295905650353,PRUNED
11,-4.706946746881998,2026-07-19 20:27:09.187700,2026-07-19 20:27:10.021524,0 days 00:00:00.833824,23,0.13093310334961422,1.0363183313286373,2.8814994548698847,4.875763160047734,0.03175482714749384,2,0.9527774679537904,1.7325429998751576,0.38017613247956294,1.0280014864721165,COMPLETE
12,-3.001329523998462,2026-07-19 20:27:10.022356,2026-07-19 20:27:10.741606,0 days 00:00:00.719250,23,0.15553459485427487,1.7434062017510192,1.7268444864544643,4.791943624287194,0.030515214389451463,2,1.1920420514949706,1.55174389309064,0.7549008711132706,2.4239556044268236,COMPLETE
13,-3.455661690483402,2026-07-19 20:27:10.742291,2026-07-19 20:27:11.612175,0 days 00:00:00.869884,50,0.3187922586406953,0.8848737344892257,0.6808507072337178,4.090976910855575,0.0647267633326008,1,0.634651915011877,1.9967717522448747,0.5055226397341319,2.4478136360553195,COMPLETE
14,-0.39756897423289156,2026-07-19 20:27:11.612891,2026-07-19 20:27:11.923985,0 days 00:00:00.311094,23,0.08028836717487803,0.28316848330470257,1.5433764940861279,4.961561557566805,0.0453464981103973,2,0.9220817465856628,1.369349074199097,0.314050745840348,1.0925096481927103,PRUNED
15,-0.28758636493132833,2026-07-19 20:27:11.924750,2026-07-19 20:27:12.524373,0 days 00:00:00.599623,41,0.06823849970527325,1.3592042221682774,2.424583195354827,3.7554778688115733,0.07368650324711366,1,0.668267410546119,1.6985580325199299,0.889372525522115,2.4686215139989978,PRUNED
16,-2.479019270562887,2026-07-19 20:27:12.525082,2026-07-19 20:27:13.356153,0 days 00:00:00.831071,28,0.3444694757524713,0.4087139267241242,1.8455880880425246,4.493603423560909,0.03862877337705842,2,1.175662762515436,1.2489256491805076,0.508562664275836,2.9771336874887457,COMPLETE
17,-2.424860398276694,2026-07-19 20:27:13.356789,2026-07-19 20:27:14.139128,0 days 00:00:00.782339,28,0.37623143641088647,0.40697666508370955,1.3035112222958796,3.4379810118764915,0.03916946592682943,1,1.1938940373005194,1.2020373946271201,0.5207729901217997,2.9794324840697772,COMPLETE
18,-0.3380263298069075,2026-07-19 20:27:14.139908,2026-07-19 20:27:14.874692,0 days 00:00:00.734784,45,0.4080771198864111,0.3933508837486102,1.3218222719798893,3.494120788909297,0.07863442461056494,1,0.9478898003867213,1.037795402666283,0.6138820521712535,2.6409382455121486,PRUNED
19,-2.840744462883979,2026-07-19 20:27:14.884924,2026-07-19 20:27:15.690579,0 days 00:00:00.805655,18,0.23053549051967337,0.029053023550750512,0.8556787598891653,1.2350346839149702,0.056772487958657254,1,0.5739697287418186,1.8155361545863562,0.7191485377107294,2.1768333104608413,COMPLETE
20,-0.271093725387921,2026-07-19 20:27:15.691423,2026-07-19 20:27:16.176737,0 days 00:00:00.485314,29,0.9979361502352416,0.8653570219761622,1.3055527186489895,2.9391863898941075,0.039198013340553436,1,0.8742086146009933,1.251489722852502,0.5790416547118046,2.9949396569619466,PRUNED
21,-3.0125628386167005,2026-07-19 20:27:16.177554,2026-07-19 20:27:17.041792,0 days 00:00:00.864238,27,0.42556667654092295,0.4485978204719463,1.9152450837741806,4.428255985201254,0.03918552329992095,2,1.177427275656511,1.1330616353738032,0.46538459376281466,2.9729321191679654,COMPLETE
22,-2.0329204531075833,2026-07-19 20:27:17.042437,2026-07-19 20:27:17.795021,0 days 00:00:00.752584,39,0.3007931615412611,0.30252750696196795,1.947368927169943,3.756464669190935,0.06021909881418512,1,1.1370035188710892,1.290574544799812,0.4810228961762512,2.670775138808305,COMPLETE
23,-2.988633578115691,2026-07-19 20:27:17.795722,2026-07-19 20:27:18.633096,0 days 00:00:00.837374,45,0.5278005364071611,0.2009082797184244,1.4748844095497768,3.6308156517572074,0.06077836709481925,1,1.12733797200714,1.3603631573209738,0.4422242609261539,2.6846892524359496,COMPLETE
24,-0.3807380936558652,2026-07-19 20:27:18.633900,2026-07-19 20:27:18.921619,0 days 00:00:00.287719,38,0.26312603595937856,0.028917472000040523,0.5260957935664041,3.162551436413479,0.0828583758551086,1,1.0000421749889128,0.9895421398471493,0.3326342701049181,2.3266153289927685,PRUNED
25,-2.725967660490063,2026-07-19 20:27:18.922441,2026-07-19 20:27:19.641004,0 days 00:00:00.718563,45,0.11408598151158941,0.5419143604225729,0.9463169850536847,2.5569911031857524,0.04530978784309227,1,0.7348425944313633,1.454688720908309,0.5748510811827506,2.6293353846868865,COMPLETE
26,-2.3074562378259706,2026-07-19 20:27:19.641734,2026-07-19 20:27:20.486476,0 days 00:00:00.844742,41,0.6616769261995036,0.798837447889666,2.078327584958117,3.9075504352727126,0.06322552890058869,1,1.0184470529461094,1.8175947389131832,0.6597168885841943,2.7710687332454182,COMPLETE
27,-0.07482145425555264,2026-07-19 20:27:20.487147,2026-07-19 20:27:20.954602,0 days 00:00:00.467455,41,0.7134959992051859,0.7653186859544567,2.6303706392517596,3.8186348230189395,0.06373023834095735,1,1.04612167105202,1.8345059223401965,0.6548250269713927,2.257053788803431,PRUNED
28,-0.1767488644075913,2026-07-19 20:27:20.955196,2026-07-19 20:27:21.485358,0 days 00:00:00.530162,47,0.5630356269154835,1.006825349811964,2.109921332723897,4.035899718328643,0.08349817646425015,1,0.9993897101683565,1.8823177275461622,0.7778356590614955,1.9801717381218205,PRUNED
29,-3.673895259100557,2026-07-19 20:27:21.485939,2026-07-19 20:27:22.270866,0 days 00:00:00.784927,38,0.839078648131002,1.2687141785448726,2.4743509373369372,4.4567891183842825,0.07373326743407041,1,1.1145609973948616,1.6243681351989288,0.6979499186361499,2.548380111260988,COMPLETE
30,-0.33973118707849165,2026-07-19 20:27:22.271646,2026-07-19 20:27:22.557600,0 days 00:00:00.285954,42,0.5114594308126634,1.5882348932710428,2.1607743817440968,4.640251300402222,0.04957753702279162,1,0.6442322824944341,1.5618459888332727,0.8604507069253714,2.7669398614063674,PRUNED
31,-3.159140606222924,2026-07-19 20:27:22.558319,2026-07-19 20:27:23.371526,0 days 00:00:00.813207,47,0.2849599092310009,0.2935956996680146,1.9092145426762932,3.3658190008282554,0.05916794172492474,1,1.1316879252945893,1.3604609192681298,0.48530234927363514,2.833065739132488,COMPLETE
32,-0.09734741909346174,2026-07-19 20:27:23.372143,2026-07-19 20:27:23.823692,0 days 00:00:00.451549,31,0.39727765971105405,0.5301886737377269,1.7076987237005814,3.888499211402171,0.04522823651318106,1,1.1474444485808393,1.7117621495533872,0.5645333699887216,2.577026043644695,PRUNED
33,-2.711771703724372,2026-07-19 20:27:23.824244,2026-07-19 20:27:24.552819,0 days 00:00:00.728575,38,0.17405875906594653,0.8383471743701445,0.7754266072603355,3.2474495835645953,0.05414450669970591,1,1.0813620861762692,1.1316085303773045,0.6234881684918819,2.7487419946493454,COMPLETE
34,-3.061214136233045,2026-07-19 20:27:24.553414,2026-07-19 20:27:25.348384,0 days 00:00:00.794970,34,0.8097017225231071,0.6107181264707136,2.022795790560122,4.316898609944969,0.04954539189689858,1,1.1982874163808814,1.4562818622946117,0.5408015231953516,2.886758342909302,COMPLETE
35,-0.3110682502116132,2026-07-19 20:27:25.348946,2026-07-19 20:27:25.635428,0 days 00:00:00.286482,44,0.21679873827209678,1.1101410175403963,1.1095111157693824,2.7080182275208258,0.06887768000970751,1,0.5840377195974763,0.9341245756945328,0.6267190170159233,2.519240764742276,PRUNED
36,-3.2482405446477163,2026-07-19 20:27:25.636008,2026-07-19 20:27:26.492783,0 days 00:00:00.856775,18,0.590600835374694,0.7341599673733717,1.400781536845224,2.0404424989752727,0.03452395652561469,1,0.9995063419253609,0.8700888391724748,0.3580871940323316,2.3592431230140707,COMPLETE
37,-0.09075907152876236,2026-07-19 20:27:26.493407,2026-07-19 20:27:26.918486,0 days 00:00:00.425079,47,0.46147355347077146,0.9554567035346634,2.5730849665786453,3.57212145462627,0.05612246115936045,1,1.0924891090506377,0.5139247666898751,0.4684408549045413,2.672022058243113,PRUNED
38,-0.052011326934190645,2026-07-19 20:27:26.919438,2026-07-19 20:27:27.370688,0 days 00:00:00.451250,35,0.6897098766669265,1.1590197695780537,1.6930797977387457,4.051229406645473,0.04050819709860439,1,1.0507292897893998,1.2356765255080364,0.4349197282698161,1.8816407036235503,PRUNED
39,-0.17732691543854476,2026-07-19 20:27:27.371514,2026-07-19 20:27:27.920774,0 days 00:00:00.549260,32,0.037059220145729474,0.29394872887533174,2.9912047612988117,1.8131320327082294,0.09167630944830188,2,0.769223168058812,1.640145323948284,0.6805268308433051,2.9094559677730585,PRUNED
40,-3.1669500794781005,2026-07-19 20:27:27.921604,2026-07-19 20:27:28.673478,0 days 00:00:00.751874,39,0.01049475726450203,0.16056492927600846,2.1657824885915593,4.654611667016773,0.0517118681705519,1,0.8512384243341233,1.813490895721917,0.9976702977108884,2.2574196416402437,COMPLETE
41,-0.5506586819089391,2026-07-19 20:27:28.674335,2026-07-19 20:27:28.981511,0 days 00:00:00.307176,27,0.33373040252609304,0.42754130283221947,1.870021359525319,4.520274139848864,0.035593763007057425,3,1.1645193451443654,1.2631162126197342,0.5218453696426701,2.932624302806975,PRUNED
42,-2.6053191532809885,2026-07-19 20:27:28.982318,2026-07-19 20:27:29.849110,0 days 00:00:00.866792,25,0.3638835086343512,0.6901888445993976,2.2888858921408106,4.2798685785247965,0.040668133259985376,2,1.1452188855156378,1.0756695030535446,0.5983628286696254,2.7281607472513127,COMPLETE
43,-0.40314819798592505,2026-07-19 20:27:29.849795,2026-07-19 20:27:30.159579,0 days 00:00:00.309784,30,0.9805982280254717,0.5119459972466133,1.8425186486354623,3.8801190648982677,0.06577249592805377,2,1.1117192121389736,1.3270473661240774,0.5034140781729514,2.8574874907873693,PRUNED
44,-3.1294787180247536,2026-07-19 20:27:30.160387,2026-07-19 20:27:30.911594,0 days 00:00:00.751207,43,0.6721634803354651,0.34084776193166766,2.0341040260018497,4.1940847962808725,0.044414933079185454,2,1.1998608163467812,1.1788442713493639,0.5407022853380826,2.7781427126934584,COMPLETE
45,-0.09517460897050455,2026-07-19 20:27:30.912365,2026-07-19 20:27:31.440797,0 days 00:00:00.528432,20,0.24682976557183559,0.5945456557493536,1.6096272648483265,4.990015539627786,0.031492663298338525,3,1.1703251590716703,1.9507526961587733,0.4079197008285621,2.9068365570497123,PRUNED
46,-0.3652967207402928,2026-07-19 20:27:31.441501,2026-07-19 20:27:31.804692,0 days 00:00:00.363191,34,0.3081302280839953,0.1081780472328771,1.1325840607200615,4.701571109239486,0.1494872120666462,2,0.9011418382693845,1.4921276355339497,0.6686668410011251,2.9973295169084357,PRUNED
47,-0.16292431103436167,2026-07-19 20:27:31.805251,2026-07-19 20:27:32.129420,0 days 00:00:00.324169,49,0.13174635070152546,0.21815236166202456,1.8014771723995977,3.6814958987319177,0.10264553989542632,2,1.021920880191163,1.3037993384198199,0.2641045592339577,2.612538048448263,PRUNED
48,-0.6324990671492905,2026-07-19 20:27:32.130142,2026-07-19 20:27:32.447629,0 days 00:00:00.317487,36,0.4598403395572699,0.7790673635587546,0.667698734984502,2.9794854887310653,0.1326481547430987,3,1.070304976586661,1.0650692527758254,0.6454464117316803,2.8224874633094537,PRUNED
49,-0.26064682256276434,2026-07-19 20:27:32.449695,2026-07-19 20:27:32.770945,0 days 00:00:00.321250,28,0.3547336735949487,0.932084278038822,2.0188056773621965,3.271301322361273,0.07210943644424848,1,1.1535747200702802,1.1847253201534036,0.7493270034697743,1.6215796675943703,PRUNED
50,0.10424902614377705,2026-07-19 20:27:32.772072,2026-07-19 20:27:33.327946,0 days 00:00:00.555874,24,0.029064004901435007,0.38224875686111426,0.9796472923366304,4.0168523392944495,0.03602679807373379,1,0.9679447222273003,0.7565894067865442,0.44957209211036586,2.45989365898223,PRUNED
51,-0.207658792827089,2026-07-19 20:27:33.328748,2026-07-19 20:27:33.638387,0 days 00:00:00.309639,24,0.38126702304627935,0.6565223825339854,2.237861137484757,4.269249636344454,0.04055391091867844,2,1.1476184761091113,1.0321842414090134,0.5998422027238856,2.72496012271356,PRUNED
52,-0.30871737531075005,2026-07-19 20:27:33.639248,2026-07-19 20:27:33.961031,0 days 00:00:00.321783,26,0.20147436385744438,0.6674246014032026,2.3122550397690174,4.36506247522561,0.052433686340895534,2,1.1035471616814807,1.0943840106834624,0.5914674996859837,1.4862777396900717,PRUNED
53,0.08916786270012096,2026-07-19 20:27:33.961643,2026-07-19 20:27:34.395628,0 days 00:00:00.433985,20,0.28337665236382403,0.4673238459144018,2.399173929512761,4.812901666580273,0.041680094019037765,2,1.17283577678034,0.9149361179992411,0.5486736864405201,2.7172698552837766,PRUNED
54,-0.4634428033059119,2026-07-19 20:27:34.396215,2026-07-19 20:27:34.830106,0 days 00:00:00.433891,25,0.6726227050595398,0.8159194536578606,2.7188712912489916,3.4443434397458605,0.030157356256500636,2,1.1318016723823943,1.753386539976814,0.48817843696508884,2.530628287660044,PRUNED
55,-0.3624992995589258,2026-07-19 20:27:34.830685,2026-07-19 20:27:35.174434,0 days 00:00:00.343749,40,0.49866957121259875,1.987125737320473,2.2758022897571686,4.168881516604225,0.04748825480062277,2,0.8178457299656342,1.193886349550009,0.5108386454653898,2.36093742190228,PRUNED
56,-0.3558489937635787,2026-07-19 20:27:35.175129,2026-07-19 20:27:35.493611,0 days 00:00:00.318482,21,0.36607361968936114,0.6708470934326115,1.2193346559848082,3.85842931417442,0.05954285830286524,1,1.0676027771058534,1.4160471294351658,0.580095948538573,2.6734732804511054,PRUNED
57,-0.32999542626395406,2026-07-19 20:27:35.494402,2026-07-19 20:27:35.799817,0 days 00:00:00.305415,29,0.17519969205470562,0.9207254453391024,1.4932762007331135,4.539347398479606,0.03794498530516179,1,0.5133730245332169,1.9034097332132673,0.382088676770462,2.848098870365291,PRUNED
58,-0.40924143647445543,2026-07-19 20:27:35.800483,2026-07-19 20:27:36.117775,0 days 00:00:00.317292,10,0.7779931009194473,1.04796557720304,2.093148749030651,3.6752685662379347,0.06270491583443066,2,0.6996465270503822,1.0002911975276318,0.7130217376584433,2.10241250618088,PRUNED
59,-0.0650576243628719,2026-07-19 20:27:36.118701,2026-07-19 20:27:36.669826,0 days 00:00:00.551125,33,0.434431262218552,0.3638322241207403,2.520347240792299,4.759158336331463,0.07830887749638421,1,1.0234604331629693,1.5610244312102206,0.6445375725080348,2.9574567151024955,PRUNED
60,-0.3039572813867887,2026-07-19 20:27:36.670625,2026-07-19 20:27:36.982364,0 days 00:00:00.311739,48,0.09426230250802835,0.4723070616618974,1.6273281089421365,3.991375631436741,0.04300566441870071,3,0.5503278945885164,1.1159960772917594,0.41780789358348747,2.7705934118591875,PRUNED
61,0.05555752973788837,2026-07-19 20:27:36.983183,2026-07-19 20:27:37.433391,0 days 00:00:00.450208,37,0.16207043203980961,0.7221604758205449,0.7814643943182413,3.1660620758822566,0.053744349144413964,1,1.0756830402507467,1.1464090280234287,0.6208910537440788,2.7611149343082375,PRUNED
62,-0.3142950302880573,2026-07-19 20:27:37.434302,2026-07-19 20:27:37.743692,0 days 00:00:00.309390,15,0.23158058470140655,0.7938721203231089,0.7089995512677104,2.814721321094755,0.04845040589719873,1,1.0950000135544085,1.083514429606037,0.5547724300654876,2.599833140119255,PRUNED
63,-3.2291504800969664,2026-07-19 20:27:37.744430,2026-07-19 20:27:38.546499,0 days 00:00:00.802069,42,0.1357094295235854,0.8548902602518759,0.5820767868181107,3.322245701537444,0.05660188138244741,1,1.117643584132558,1.2909681794931787,0.6179343989016313,2.9083674370124095,COMPLETE
64,-0.00403629319247481,2026-07-19 20:27:38.547569,2026-07-19 20:27:39.010084,0 days 00:00:00.462515,39,0.31176946401326744,1.0231853903219608,1.0217224378383027,3.193354896352454,0.0346237420602804,1,1.1834774467015772,1.210883180351851,0.5218097270131847,2.717189973432796,PRUNED
65,-0.22242560797040653,2026-07-19 20:27:39.010804,2026-07-19 20:27:39.311224,0 days 00:00:00.300420,36,0.5824793122873939,0.5590922378661579,0.7918888467832368,3.5128125072113834,0.06573598008388783,1,1.1412310973244795,1.6654877039162563,0.47022890196117156,2.4814025314060832,PRUNED
66,-3.1273559695061888,2026-07-19 20:27:39.311827,2026-07-19 20:27:40.133948,0 days 00:00:00.822121,31,0.051104302706642284,0.8478474012765486,1.9485712954334493,2.4939234192189743,0.054322888122418,1,1.163080149686974,1.4129699893319252,0.6023175995114062,1.1586431250032365,COMPLETE
67,-0.1859456032085524,2026-07-19 20:27:40.134562,2026-07-19 20:27:40.443608,0 days 00:00:00.309046,22,0.2642814132291905,1.1570534321176953,0.8509973120935022,3.7716462690575265,0.04703107948966842,1,1.0853248422952757,1.7637013797959136,0.6887667681522887,2.997256379284584,PRUNED
68,-0.02413989233439054,2026-07-19 20:27:40.444414,2026-07-19 20:27:40.895600,0 days 00:00:00.451186,45,0.9213127156420854,0.20682125493674108,0.6249472580853566,4.288262074183375,0.05898578050503499,1,1.1286293170582626,0.8387535272897773,0.7321494930691679,2.808575597466784,PRUNED
69,-0.5050474913402871,2026-07-19 20:27:40.896267,2026-07-19 20:27:41.290610,0 days 00:00:00.394343,40,0.19670971584524255,1.293321458229189,1.7608531153983873,4.47727600120397,0.07040965677176039,2,1.055387611950571,1.0179720785323447,0.8050676153369746,2.411208694118216,PRUNED
70,-2.0126506670490842,2026-07-19 20:27:41.291365,2026-07-19 20:27:42.042421,0 days 00:00:00.751056,43,0.519092614849088,0.2627155992630574,2.3724241103908943,4.603720910757577,0.0513254984524077,1,1.0220875825910185,1.1476834650015464,0.5651163484455671,2.6371219796868277,COMPLETE
71,0.07452843771370586,2026-07-19 20:27:42.043190,2026-07-19 20:27:42.496969,0 days 00:00:00.453779,44,0.49019512339985394,0.25803198461232735,2.375386667668974,4.868384433783005,0.051228978440077094,1,1.0279663938461014,1.148392509149261,0.5615432451155508,2.63758985289392,PRUNED
72,-2.2314096445912455,2026-07-19 20:27:42.498006,2026-07-19 20:27:43.346072,0 days 00:00:00.848066,42,0.5977494822154982,0.1362146265000668,0.5006425798083982,4.13738553009626,0.04419335051976572,1,1.1835573632447898,0.9660860144245104,0.5286100093010919,2.5539221212390775,COMPLETE
73,-0.2761811214381182,2026-07-19 20:27:43.346797,2026-07-19 20:27:43.785848,0 days 00:00:00.439051,44,0.6138274804440934,0.08731161998091866,2.1914610679309336,4.600495977207314,0.04311901663781492,1,1.1868305434595858,0.9562672028009027,0.49320881612401213,2.2775596549523147,PRUNED
74,-0.32329964399626787,2026-07-19 20:27:43.786551,2026-07-19 20:27:44.097723,0 days 00:00:00.311172,46,0.4154588698039507,0.09716463077970738,0.551667284907583,4.405613610806187,0.03898760441195803,1,0.9693612402832464,0.892045344370963,0.5173950595720839,2.553894094860722,PRUNED
