number,value,datetime_start,datetime_complete,duration,params_ema_span,params_gamma,params_imbalance_skew_factor,params_inventory_skew_factor,params_k,params_max_drawdown_pct,params_max_inventory_lots,params_range_spread_multiplier,params_tau,params_trend_size_multiplier,params_trend_spread_multiplier,state
151,-3.039519187014875,2026-07-19 20:28:23.460805,2026-07-19 20:28:24.331111,0 days 00:00:00.870306,40,0.24836157478852808,0.05695049534716562,0.873867723854685,1.2257684954575736,0.05667357649782981,1,0.5951155894739856,1.7633615111506602,0.7026276243861937,2.5924705505712655,COMPLETE
152,0.15385713713338306,2026-07-19 20:28:24.332051,2026-07-19 20:28:24.813432,0 days 00:00:00.481381,17,0.33270445754234895,0.047071167242276224,2.560497214041727,0.8001925104409354,0.06119051789297994,1,0.5671709304752687,1.9066620967835282,0.74532988287902,2.204960933105054,PRUNED
153,-2.854668417047561,2026-07-19 20:28:24.814176,2026-07-19 20:28:25.675017,0 days 00:00:00.860841,18,0.299948513635746,0.09225341185577181,0.8337329373973877,4.164559242224123,0.047644414601718074,1,1.1881589388289469,1.815718425528136,0.7335800254356771,1.86270637731118,COMPLETE
154,0.15909510159267085,2026-07-19 20:28:25.675649,2026-07-19 20:28:26.138662,0 days 00:00:00.463013,12,0.2203561944654979,0.007041626288310787,0.7719860295425619,1.3819035698238937,0.05445852504051289,1,1.1681779784263682,1.7259867750660087,0.8160656332990397,2.141885121721656,PRUNED
155,-0.3767561154800381,2026-07-19 20:28:26.139489,2026-07-19 20:28:26.448883,0 days 00:00:00.309394,28,0.16468898820928324,0.21031566953931952,0.5966547131431297,0.9261752760116972,0.052414059571764544,2,0.5838177511274626,1.8199320486301074,0.7775740145995028,1.9414215888262185,PRUNED
156,-0.26584766851959546,2026-07-19 20:28:26.449559,2026-07-19 20:28:26.768995,0 days 00:00:00.319436,42,0.18671301061452528,0.8466334039635666,1.8690523658017621,1.0584569393081242,0.03564711496434591,1,0.6315532811607314,1.3315047129882884,0.6587260888911154,2.739170378077384,PRUNED
157,-0.16037008961470198,2026-07-19 20:28:26.769812,2026-07-19 20:28:27.309375,0 days 00:00:00.539563,45,0.3665248093309958,0.12976071276996942,2.1370631736518484,3.971056736081953,0.04014733743054309,1,0.5374161070693327,1.6658840877757017,0.6778827526575071,2.0726808860668084,PRUNED
158,-3.1415664010103193,2026-07-19 20:28:27.309962,2026-07-19 20:28:28.079982,0 days 00:00:00.770020,15,0.13926008514031138,0.3915299075391493,0.6510824094493542,3.4963078747315546,0.04585635431375171,1,1.1463759175920607,1.23259554388556,0.21536110349751947,2.708752418545106,COMPLETE
159,-0.3561473014574884,2026-07-19 20:28:28.080817,2026-07-19 20:28:28.396358,0 days 00:00:00.315541,30,0.24113983412347623,0.3020405628342764,1.2430784340412506,3.6698971458930365,0.05014999787564666,1,1.011337207739863,0.8397066143529525,0.5345983893107572,2.9207827370189703,PRUNED
160,-0.31595807900497674,2026-07-19 20:28:28.396940,2026-07-19 20:28:28.705164,0 days 00:00:00.308224,27,0.6863627851077285,0.17466025096565646,0.7446430952437277,4.577691773462325,0.059157944879770934,1,1.1987126153577006,1.2898206454546781,0.48085979722595573,2.523711521218229,PRUNED
161,-2.298171599143245,2026-07-19 20:28:28.705727,2026-07-19 20:28:29.555560,0 days 00:00:00.849833,17,0.3053293806406415,0.06955015825368577,0.8411593007665374,4.162013689015098,0.04878024012530699,1,1.1803303856588703,1.867607517997747,0.7158043098769257,2.634955853093288,COMPLETE
162,-0.32968311438325876,2026-07-19 20:28:29.556291,2026-07-19 20:28:29.882414,0 days 00:00:00.326123,47,0.3213939590436671,0.018483532512983375,0.8187938815122453,4.047172366708769,0.04762993009184852,1,0.931600730510707,1.8665142523006946,0.7162407962986427,2.630364810687982,PRUNED
163,-2.5273166070566786,2026-07-19 20:28:29.883148,2026-07-19 20:28:30.753518,0 days 00:00:00.870370,14,0.41482824950149133,0.9524339588529792,0.9882708183269002,4.2505261975743025,0.044325713512717926,1,1.1779868450431388,1.927691706646392,0.7566857862198945,2.597431809857177,COMPLETE
164,0.03360205982142967,2026-07-19 20:28:30.754178,2026-07-19 20:28:31.221869,0 days 00:00:00.467691,15,0.4161351253347755,0.9915474293345329,1.0085453290441966,4.314419219293857,0.0435588451216693,1,1.1788262621065273,1.938341804885974,0.845715323914275,2.6537609617919355,PRUNED
165,-0.31068118378604703,2026-07-19 20:28:31.222508,2026-07-19 20:28:31.537509,0 days 00:00:00.315001,13,0.38069959420833166,0.9624787634777578,1.0864736570189986,4.219383567498205,0.04159567300526172,1,1.160233450624509,1.3723172316087988,0.7862948016358675,2.599037691863387,PRUNED
166,-0.1660325079186825,2026-07-19 20:28:31.538132,2026-07-19 20:28:31.855056,0 days 00:00:00.316924,13,0.5784903153259828,0.9089819946184048,0.9677591758566539,4.3841924676050095,0.04499423082034072,1,1.1353081786311408,1.966459724679814,0.7573584495636676,2.689699548797312,PRUNED
167,-0.3824183126511606,2026-07-19 20:28:31.855843,2026-07-19 20:28:32.185841,0 days 00:00:00.329998,10,0.4281235069669119,0.8708737991514437,0.9283676296809277,4.131152019950243,0.03771669038751833,2,1.187275131742035,1.9209084294616683,0.7644621523413011,2.485667424134387,PRUNED
168,-0.2793846749128973,2026-07-19 20:28:32.186634,2026-07-19 20:28:32.716916,0 days 00:00:00.530282,12,0.09852977075653527,0.2323262398334481,2.2061838786273205,4.471973992147289,0.03287637738529606,1,1.1706255074659235,1.1689487173175948,0.6090630299282772,2.7793123687592374,PRUNED
169,-3.153679878836578,2026-07-19 20:28:32.717717,2026-07-19 20:28:33.509531,0 days 00:00:00.791814,44,0.3509640841903242,0.8034326726560047,1.7889612204845577,4.6835098700169,0.05002991038309595,1,1.1518607527861815,1.8998039253643106,0.5707371636138449,2.560476530183946,COMPLETE
170,-0.020001507944522056,2026-07-19 20:28:33.510201,2026-07-19 20:28:34.106704,0 days 00:00:00.596503,49,0.4918801079203366,0.9267746237659465,0.6989760051207593,4.274525369638392,0.03863680174087907,1,0.9715600752402469,1.8414981733675406,0.5448125769784993,2.3928533618862198,PRUNED
171,-0.2600861199442757,2026-07-19 20:28:34.107287,2026-07-19 20:28:34.563122,0 days 00:00:00.455835,14,0.32735777797950827,0.06883026310345346,0.8731695774807706,2.5024857721926437,0.05530891380827588,1,1.1941709809197198,1.9687130915229625,0.7364844025348857,2.257300421795393,PRUNED
172,0.15729520336648156,2026-07-19 20:28:34.563998,2026-07-19 20:28:35.010228,0 days 00:00:00.446230,17,0.12050953159031379,0.1456112942547979,0.9141569605651942,3.9721757750242728,0.05273896563097937,1,1.178536205600477,1.8833195974304513,0.632842318313696,2.6399880644198417,PRUNED
173,-0.2671977109218426,2026-07-19 20:28:35.010955,2026-07-19 20:28:35.313781,0 days 00:00:00.302826,20,0.27065229143154257,0.3510909124977339,1.17150084616747,4.187699476574191,0.057789036824554316,1,1.165379296658158,1.1002338871516184,0.7018296096680936,2.7364076914464444,PRUNED
174,-0.38546003297024817,2026-07-19 20:28:35.314373,2026-07-19 20:28:35.711882,0 days 00:00:00.397509,25,0.3023164190182741,0.12445626084907055,2.44425068016614,4.420683970749,0.04856703803771381,3,1.1210117932528056,1.6174206279598997,0.713571093245135,2.6913133165894796,PRUNED
175,-0.2719002874281572,2026-07-19 20:28:35.712475,2026-07-19 20:28:36.006525,0 days 00:00:00.294050,43,0.3915367379860365,1.0753945200701143,0.7998505016936672,4.033863964740598,0.06462637752245134,1,1.0236297599724686,1.7829309531628814,0.5132641365330082,1.7079133380729454,PRUNED
176,-0.19626197597122158,2026-07-19 20:28:36.007259,2026-07-19 20:28:36.305656,0 days 00:00:00.298397,18,0.7263753784338249,0.6368231055525926,0.8598460257214893,3.8178365810842125,0.040667643065770614,1,1.0794970819616676,0.6162249239921338,0.5941538468656984,2.846027966927102,PRUNED
177,0.10142723087959932,2026-07-19 20:28:36.306252,2026-07-19 20:28:36.751633,0 days 00:00:00.445381,14,0.5285591326222646,0.7226523024133745,1.3757867753549142,3.610144895419887,0.045987655546789484,1,1.144653544698507,1.2135041914930917,0.7918014213865603,1.3537332418735502,PRUNED
178,-0.29082912746394585,2026-07-19 20:28:36.752214,2026-07-19 20:28:37.037610,0 days 00:00:00.285396,16,0.6491176763294526,0.08272551868710486,0.5684355110996275,4.4961197271211475,0.05152977380883988,1,1.198958969592865,1.8367394585148458,0.6894466408811789,2.6128476940107315,PRUNED
179,-0.18863072593089844,2026-07-19 20:28:37.038308,2026-07-19 20:28:37.425753,0 days 00:00:00.387445,19,0.28227918798773316,0.4119112364645388,2.8575597805146176,4.240219372557109,0.03583897302254437,1,1.0501390705184084,1.0672693847776034,0.5758914902484817,2.941334215868876,PRUNED
180,-0.22845480389280426,2026-07-19 20:28:37.426325,2026-07-19 20:28:37.726005,0 days 00:00:00.299680,34,0.457897891625886,0.5209225498345023,0.7115282959638827,4.973227069150528,0.042426835924794494,1,0.7384257527634178,1.0163012232768567,0.496520818272645,2.531334596094171,PRUNED
181,0.05518436800865194,2026-07-19 20:28:37.726605,2026-07-19 20:28:38.159263,0 days 00:00:00.432658,19,0.23636277445826837,0.11368299018214414,0.8213112133152582,4.144263790016025,0.04893861446040021,1,0.50082517581245,1.8220055024699433,0.7320580744930381,1.865584823692885,PRUNED
182,0.0021311188309823593,2026-07-19 20:28:38.160083,2026-07-19 20:28:38.582581,0 days 00:00:00.422498,18,0.2992099400728558,0.10116274204395576,0.750195859232412,4.1189452275655345,0.04678272867512625,1,1.182903131045158,1.8669369583367093,0.770971835900146,2.67158327566473,PRUNED
183,0.03924735917853487,2026-07-19 20:28:38.583293,2026-07-19 20:28:39.092927,0 days 00:00:00.509634,17,0.35026943177922243,0.03213149570709403,0.8415923767567324,3.2026295391729453,0.060514851823625655,1,1.1848932079720824,1.7923638962088377,0.7330215492108714,1.4220992759568492,PRUNED
184,-0.05315802021745488,2026-07-19 20:28:39.093517,2026-07-19 20:28:39.530212,0 days 00:00:00.436695,21,0.20112207693106596,0.16084290288762199,1.0066435409544046,4.363750889983173,0.05411786581391078,1,1.1629194243561218,1.8136414956601792,0.6635475122398444,1.701849536950084,PRUNED
185,-2.1205159039662025,2026-07-19 20:28:39.530959,2026-07-19 20:28:40.280924,0 days 00:00:00.749965,29,0.3157824772791041,0.24971485709120128,1.2828682411346761,4.198969886487698,0.04459646278107836,1,1.1733174121490146,1.1494856579268407,0.7178387359993107,2.7596599139952533,COMPLETE
186,-0.23703277122756505,2026-07-19 20:28:40.281694,2026-07-19 20:28:40.655065,0 days 00:00:00.373371,29,0.5879965489162235,0.2374733815010459,1.2877905207094964,3.8970316321872653,0.04407825851276925,1,1.1371954726125453,1.145673593909792,0.6215397910261703,2.7544180920116137,PRUNED
187,-0.39856771465262036,2026-07-19 20:28:40.655860,2026-07-19 20:28:41.096117,0 days 00:00:00.440257,26,0.26345160028486714,0.2633762316169482,1.4626641716126976,1.7501620987926125,0.04001809555085611,1,1.1599344603318253,1.1782091509514854,0.5255173788592915,2.7992270132142285,PRUNED
188,-2.552536745653441,2026-07-19 20:28:41.096731,2026-07-19 20:28:41.856592,0 days 00:00:00.759861,27,0.7849045719658269,0.19401543543295577,0.630093129091728,4.294715208312771,0.05661829877680036,2,0.5758638811238311,1.1134534558930511,0.7528033830993377,2.7207234586521496,COMPLETE
189,-0.38132848767779143,2026-07-19 20:28:41.857262,2026-07-19 20:28:42.239103,0 days 00:00:00.381841,28,0.7932065009344305,0.19405947978197285,0.6210955156407348,4.302083407086166,0.044106949356591665,2,0.6998069846625109,1.1133240040312793,0.559829021511183,2.703200405455544,PRUNED
190,0.15112701858284613,2026-07-19 20:28:42.239827,2026-07-19 20:28:42.685503,0 days 00:00:00.445676,27,0.7313018702626062,0.3075271046701795,0.5567535869445897,4.593390921639988,0.05673135070330822,2,0.6043767975441601,1.1547671700857478,0.6049721352688147,2.7293938928217507,PRUNED
191,-0.2410967440513585,2026-07-19 20:28:42.686168,2026-07-19 20:28:43.005477,0 days 00:00:00.319309,26,0.89776675672059,0.20341807060863903,1.3342688119134762,4.239268611093471,0.052971700815993596,2,0.5704174887044176,1.0431084655374236,0.7515461192055397,2.7683674324185414,PRUNED
192,0.14810523846875848,2026-07-19 20:28:43.006074,2026-07-19 20:28:43.462310,0 days 00:00:00.456236,28,0.6567531384769919,0.9390000159392053,2.023546904135639,4.409294624241353,0.06214259155086549,2,0.5892360001591621,1.2562693945106205,0.715461752730953,2.6570436394331725,PRUNED
193,-0.4812418021707673,2026-07-19 20:28:43.463054,2026-07-19 20:28:43.852003,0 days 00:00:00.388949,27,0.791917666839895,0.4675307708203606,0.6649868639669616,4.000349412058868,0.06847876843930385,2,1.1699193014912812,1.2037442352601946,0.753340054523253,2.8290670520579315,PRUNED
194,-0.08824678735671114,2026-07-19 20:28:43.852767,2026-07-19 20:28:44.285722,0 days 00:00:00.432955,29,0.1500765490417248,0.8442074314581356,0.5065070536039702,4.524108895557606,0.057986993938672564,2,0.5424734464553262,1.1227004446230118,0.6512458396892686,2.6129093556231693,PRUNED
195,-0.30876241663299664,2026-07-19 20:28:44.286474,2026-07-19 20:28:44.587112,0 days 00:00:00.300638,25,0.3772188349899773,0.25687488118450397,2.355395344412865,2.9183731022723873,0.05093926730352938,1,1.153480309917006,1.0933806181867571,0.6772383719910887,2.5840203705870377,PRUNED
196,0.079800455728495,2026-07-19 20:28:44.587728,2026-07-19 20:28:45.029502,0 days 00:00:00.441774,40,0.3341247243033598,0.3153133969817692,1.205621001873433,4.088094793560348,0.03623761532897194,1,1.1083041694804154,1.4729200988413398,0.6972717564806559,2.709137812928197,PRUNED
197,-0.4041364450649969,2026-07-19 20:28:45.030086,2026-07-19 20:28:45.557309,0 days 00:00:00.527223,26,0.10598232949837151,0.8837096803486167,0.6218049256415431,4.34018743540083,0.09838762811982595,1,0.5542734904944959,0.8875599922030686,0.5459703635360678,2.895057452852264,PRUNED
198,-3.004432362497656,2026-07-19 20:28:45.557967,2026-07-19 20:28:46.297722,0 days 00:00:00.739755,30,0.4099544368502804,1.0134115077727794,1.2652930933925872,4.167868609950163,0.05564786509694105,1,0.6559168222894771,1.563984076902464,0.7254037772034011,2.9714475429539413,COMPLETE
199,-0.20822605638025937,2026-07-19 20:28:46.298414,2026-07-19 20:28:46.590891,0 days 00:00:00.292477,41,0.010155172893340189,0.1710452441064332,0.6813075399197893,4.2506891085182845,0.04699809667990066,1,0.5671593916821454,1.1794505364832566,0.5806129154384915,1.2399588285104457,PRUNED
200,-0.20675688763898262,2026-07-19 20:28:46.591483,2026-07-19 20:28:47.010238,0 days 00:00:00.418755,28,0.6102872844101198,0.6006819635615108,1.9162661166230293,1.5881550478629667,0.04180138391757872,1,1.0640921292241725,1.2413425173502985,0.6422639733749989,2.020205330279662,PRUNED
201,-1.29902317540805,2026-07-19 20:28:47.010851,2026-07-19 20:28:47.740537,0 days 00:00:00.729686,16,0.29533864670021215,0.08759538768149842,0.771210965163458,4.176599010180326,0.047074361080890616,1,1.1870480854924734,1.7512045323642924,0.7967883994603725,1.5312376972972281,COMPLETE
202,-0.3666946201447814,2026-07-19 20:28:47.741119,2026-07-19 20:28:48.032655,0 days 00:00:00.291536,15,0.2921143894871846,0.008207949025675662,0.7578957902979385,2.73387599825376,0.04546431917468555,1,1.1744871033007518,1.709009939706555,0.8037909669697054,2.755908400045981,PRUNED
203,-0.008670618390187694,2026-07-19 20:28:48.033234,2026-07-19 20:28:48.565464,0 days 00:00:00.532230,16,0.3136860755884123,0.07661836359133876,0.7805040525094058,1.2188463225227737,0.03925846917642405,1,1.1983114875479848,1.1289959679886619,0.796568348276452,2.661984179738096,PRUNED
204,0.057148327543960514,2026-07-19 20:28:48.566335,2026-07-19 20:28:49.003736,0 days 00:00:00.437401,39,0.36396176394873064,0.1500613010995164,0.8906070502873943,4.057486397681255,0.05089201263948771,1,1.1819951604307484,1.7553565363251094,0.7607018046353244,2.709831186037141,PRUNED
205,0.1643419911669753,2026-07-19 20:28:49.004278,2026-07-19 20:28:49.452940,0 days 00:00:00.448662,27,0.013781609603522756,0.2335462868254483,0.5890246958547655,4.391199153968744,0.06013335361124049,1,1.1725563591469648,1.6828059732771758,0.7758649341957252,2.795036028485961,PRUNED
206,-0.34267482234796265,2026-07-19 20:28:49.453553,2026-07-19 20:28:49.750580,0 days 00:00:00.297027,14,0.6862575731998667,0.9621802243423722,0.963374374763447,2.35199092336901,0.03383450605881434,1,0.5793299268643701,1.4358777983284186,0.8188285995733553,1.1138603042099857,PRUNED
207,-0.19844266078764358,2026-07-19 20:28:49.751298,2026-07-19 20:28:50.042349,0 days 00:00:00.291051,24,0.25574449869989,0.6679962844245706,1.1246483646979937,4.2100516879516885,0.048415087510427786,1,1.1519032910109588,1.2027174402149183,0.5387174566542966,2.6383688526565128,PRUNED
208,-0.15037487762090498,2026-07-19 20:28:50.043114,2026-07-19 20:28:50.551788,0 days 00:00:00.508674,43,0.862104835725985,0.3752261701679567,0.6872924472567183,3.9247287305786673,0.05466895078681926,1,0.6244149594133248,1.3051875580371661,0.7428068367317098,2.5697449600854996,PRUNED
209,-3.4316711056052966,2026-07-19 20:28:50.552344,2026-07-19 20:28:51.287563,0 days 00:00:00.735219,27,0.3236876928928601,0.04224956771429514,1.5191511105476487,3.3465754854757463,0.04347007496860456,2,0.9943463886500156,1.7270720786692324,0.5593777156806526,2.858223837856947,COMPLETE
210,-2.022278250909563,2026-07-19 20:28:51.288249,2026-07-19 20:28:52.107775,0 days 00:00:00.819526,25,0.7542431423577248,0.7911138761237271,0.5387552738956111,4.737146912990853,0.06391732360330929,1,0.8798471682017213,1.3870556264327278,0.8293433147952619,2.744581282108015,COMPLETE
211,0.16645685532091592,2026-07-19 20:28:52.108359,2026-07-19 20:28:52.537985,0 days 00:00:00.429626,24,0.7720125029770915,0.798127101546414,0.5367223836483221,4.779157243265257,0.06609711985791344,1,0.8963123895456114,1.3814643622952374,0.828931514926731,2.7434928498480344,PRUNED
212,-0.37147101888043366,2026-07-19 20:28:52.538603,2026-07-19 20:28:52.866656,0 days 00:00:00.328053,25,0.7117521995440265,0.7486974011247743,0.501700206790422,4.64157460653028,0.06415016338295826,1,0.8833731837757326,1.351723160462861,0.8374663573064913,2.6906569037975316,PRUNED
213,-3.413458795910526,2026-07-19 20:28:52.867333,2026-07-19 20:28:53.643282,0 days 00:00:00.775949,26,0.6477143289699121,0.835110453345688,0.5947014781997353,4.777436928193566,0.06115855677279129,1,0.8634924913277436,1.422935453267817,0.8921825403188385,2.7646165740941857,COMPLETE
214,-0.060905074418239454,2026-07-19 20:28:53.643964,2026-07-19 20:28:54.070889,0 days 00:00:00.426925,25,0.5528267350858241,0.8975743355722747,1.724864838847921,4.8627459487710105,0.05856965051350614,1,0.8424417651950162,1.3868629094600828,0.5881427818541425,1.5838730038639734,PRUNED
215,-0.17921433323399177,2026-07-19 20:28:54.071490,2026-07-19 20:28:54.360717,0 days 00:00:00.289227,16,0.8462083987567895,1.5720729843689272,0.6229706330794592,4.70480757971829,0.06292594330828429,1,0.8153410963849398,1.1559695135930468,0.8693371867377524,2.7232502772325655,PRUNED
216,0.08453866433797051,2026-07-19 20:28:54.361292,2026-07-19 20:28:54.876004,0 days 00:00:00.514712,46,0.11503257655881201,0.7783353845314923,2.0887680681351912,4.5252584164671426,0.04900650839788255,1,0.7624709731647086,0.9392583287809779,0.6168113777189663,2.805599733496114,PRUNED
217,-0.16460770196044502,2026-07-19 20:28:54.876619,2026-07-19 20:28:55.171810,0 days 00:00:00.295191,33,0.1335949553091126,0.18245530245401265,0.5571532004605739,4.3054334502637825,0.04064777722410994,1,1.183642331323296,1.3279160863684596,0.5130266657330459,2.6754965691339874,PRUNED
218,-0.32198276645867907,2026-07-19 20:28:55.172559,2026-07-19 20:28:55.473976,0 days 00:00:00.301417,17,0.9697304467157122,0.4417434355623076,2.3099071735977748,4.10953825119906,0.045825041588942746,2,1.1311701686147022,1.5124927167894073,0.8610183903925774,2.646394808777692,PRUNED
219,-0.09324400816822276,2026-07-19 20:28:55.474656,2026-07-19 20:28:55.912416,0 days 00:00:00.437760,41,0.28166577699464274,0.7044703659154457,0.7248543301709051,4.411632810669142,0.05226696355127069,1,1.032962335632158,1.775272796259485,0.7056677021719321,2.9954285476883324,PRUNED
220,0.09077627789040017,2026-07-19 20:28:55.913040,2026-07-19 20:28:56.452345,0 days 00:00:00.539305,29,0.7423143416299138,0.12289174919310807,1.422647628777727,3.806938044285528,0.03811417635971307,1,1.1969497708799461,1.0770527585968988,0.526019795878549,2.6261864049984776,PRUNED
221,-0.3064227821117179,2026-07-19 20:28:56.452953,2026-07-19 20:28:56.767297,0 days 00:00:00.314344,26,0.33080404275559894,0.05894861348749833,0.8309923965365098,4.211351917235648,0.04713137582562417,1,1.1870055072520038,1.8090674348946014,0.7249210977387884,2.1723998581870623,PRUNED
222,-3.0501249763969067,2026-07-19 20:28:56.768196,2026-07-19 20:28:57.522878,0 days 00:00:00.754682,18,0.2914431474141814,0.12155459495940299,0.9185338179394289,4.04003634296424,0.04284831689794819,1,0.9182516890909386,1.8953896619427184,0.7297205357117409,1.9445688925536642,COMPLETE
223,-0.02516216548340291,2026-07-19 20:28:57.523540,2026-07-19 20:28:57.952116,0 days 00:00:00.428576,19,0.2252975147582471,0.07629284606545182,0.799031678572252,4.128074626218271,0.04844969499731744,1,1.1629654164940715,1.8665714354540013,0.7796472893364881,1.5222127797102578,PRUNED
224,-0.22596537268391037,2026-07-19 20:28:57.952660,2026-07-19 20:28:58.485574,0 days 00:00:00.532914,23,0.3048227194835844,0.09740400395417811,0.8760847372984679,4.215621090798687,0.1235837616788948,1,1.1870880984954095,1.825882244481557,0.817133184740132,1.8503850741001768,PRUNED
225,-0.36915029471635735,2026-07-19 20:28:58.486173,2026-07-19 20:28:58.792543,0 days 00:00:00.306370,28,0.36339565914710376,0.5103860440886199,2.401313881615722,4.332623053870341,0.045481706253846566,1,1.167787630451923,1.8431054873820427,0.7520139406530885,2.4569682351415687,PRUNED
226,-3.1522956402346347,2026-07-19 20:28:58.793365,2026-07-19 20:28:59.537620,0 days 00:00:00.744255,17,0.09155933635936762,0.5543520681855107,0.6579615233524175,4.160368769175943,0.05610006381822334,1,0.7970077490512821,1.7663213615408235,0.6274390295503837,2.724909145382278,COMPLETE
