number,value,datetime_start,datetime_complete,duration,params_ema_span,params_gamma,params_imbalance_skew_factor,params_inventory_skew_factor,params_k,params_max_drawdown_pct,params_max_inventory_lots,params_range_spread_multiplier,params_tau,params_trend_size_multiplier,params_trend_spread_multiplier,state
75,-0.10669485094317963,2026-07-19 20:27:44.098322,2026-07-19 20:27:44.641224,0 days 00:00:00.542902,42,0.5447888042209624,0.003213213749608812,0.5027139346660893,4.107112084370107,0.033925637181575395,1,0.9117959979293562,0.7570709092006281,0.5355269210611651,2.393282939974506,PRUNED
76,-3.493171786215354,2026-07-19 20:27:44.641932,2026-07-19 20:27:45.393544,0 days 00:00:00.751612,41,0.7730964157278185,0.1351828000120102,1.9736005072622693,3.9381160969215685,0.046118482357779274,1,1.1995556105470588,1.2574603209347421,0.5775395399647116,2.4836094633122157,COMPLETE
77,-0.1283838331995497,2026-07-19 20:27:45.394504,2026-07-19 20:27:45.847728,0 days 00:00:00.453224,49,0.6218859472945306,0.33029261847679403,2.1017635548542675,4.192638133347875,0.03770712607953607,1,1.1579734184528148,1.5127067576959772,0.45100502834662604,2.6742036143426096,PRUNED
78,-0.07015058919735319,2026-07-19 20:27:45.848340,2026-07-19 20:27:46.397296,0 days 00:00:00.548956,46,0.3295116865297495,0.2515732818794717,1.3519052310799786,4.952769479054035,0.06163506430221364,1,1.1101454517469431,1.0507438488143608,0.4772899664673042,2.876947731469322,PRUNED
79,0.09083087026679815,2026-07-19 20:27:46.398233,2026-07-19 20:27:46.881389,0 days 00:00:00.483156,27,0.39729730606916924,0.4196862371079346,2.355622337156619,4.713243408807476,0.041896179446754986,1,0.6334843557878638,0.9766853584412326,0.5305722797956002,2.5802663246548727,PRUNED
80,-3.099732600328476,2026-07-19 20:27:46.882013,2026-07-19 20:27:47.732392,0 days 00:00:00.850379,43,0.7486789759604958,0.1707543027457994,2.5037802058864873,4.391068748898359,0.04902671163467903,1,0.8899364273633711,1.339196165853318,0.6483828324837804,2.8019977014954467,COMPLETE
81,-0.14953311238684644,2026-07-19 20:27:47.733025,2026-07-19 20:27:48.134038,0 days 00:00:00.401013,38,0.5270822546710208,0.5971907835761007,0.620071472981589,3.583669987033849,0.05617834112284941,1,1.1430979008016788,1.1224149159340422,0.6276453620618502,2.7204084202032774,PRUNED
82,-3.2387117711359603,2026-07-19 20:27:48.134775,2026-07-19 20:27:48.902861,0 days 00:00:00.768086,40,0.44677841184207073,0.3286433538265634,0.7615115332154139,4.556328842880741,0.0674533516276536,1,1.1711297228364317,1.2351163819209534,0.5654621587428392,2.188299991760724,COMPLETE
83,-0.4849023517301066,2026-07-19 20:27:48.903679,2026-07-19 20:27:49.344271,0 days 00:00:00.440592,43,0.28072254992745277,0.5016803669050649,0.9155828308158915,3.7907483777420983,0.05061450773839225,1,0.9805010365489595,1.1568506851716422,0.6655661834602143,2.92829081109132,PRUNED
84,-2.8573466248502917,2026-07-19 20:27:49.344948,2026-07-19 20:27:50.188850,0 days 00:00:00.843902,39,0.3540030569320461,0.9753797194941296,2.643568724527469,3.434382403455821,0.05407059221612644,1,1.098746790684984,1.102407620146851,0.5925467737174417,2.6519976571851913,COMPLETE
85,-0.41405972741983,2026-07-19 20:27:50.189586,2026-07-19 20:27:50.483938,0 days 00:00:00.294352,37,0.8378777178359815,0.8824160118643887,2.230952586316021,3.087538145368648,0.04527437784540703,2,0.9356400840648423,1.280774659145873,0.5088025986490323,2.851165844477853,PRUNED
86,-0.3220854787542271,2026-07-19 20:27:50.484809,2026-07-19 20:27:50.936830,0 days 00:00:00.452021,25,0.6602843070162359,1.075376389833653,0.7088480993209585,4.126617382892494,0.032936798264718216,1,1.1245109729589828,1.8566475323018674,0.5534035250101402,2.51231091616583,PRUNED
87,-0.3728106231997357,2026-07-19 20:27:50.937469,2026-07-19 20:27:51.324318,0 days 00:00:00.386849,29,0.8951300984119409,0.7399381357521122,1.1894366833878276,1.4943879900704975,0.07578388854888907,1,1.1781929012029693,1.7876080713684193,0.43579149708215126,2.744432942069844,PRUNED
88,-0.4322245600560207,2026-07-19 20:27:51.325054,2026-07-19 20:27:51.797791,0 days 00:00:00.472737,41,0.2458313988454674,0.4140755439386195,2.4533522653888706,0.7532237615480375,0.03706741343288178,2,1.0442284676856362,1.999890519414903,0.603085177676351,2.317999626402346,PRUNED
89,-0.07368154244962057,2026-07-19 20:27:51.798942,2026-07-19 20:27:52.260480,0 days 00:00:00.461538,50,0.4811317906605387,0.2765433405529044,2.051353489030812,4.271942129258112,0.05981459373799492,1,0.7452293095150897,1.0659967926021698,0.9352264289904827,2.5888045238464987,PRUNED
90,-0.17674355391833046,2026-07-19 20:27:52.261186,2026-07-19 20:27:52.739660,0 days 00:00:00.478474,46,0.17869784131012062,0.057081997407785634,2.3061804880441246,3.6676358163868716,0.040529816140035806,1,1.1570164433231316,1.403559865935439,0.49262915385938916,2.9592540045892815,PRUNED
91,0.0019974983447415677,2026-07-19 20:27:52.740636,2026-07-19 20:27:53.263911,0 days 00:00:00.523275,48,0.09324918706258747,0.5740056719197033,0.8817148708185092,2.499391617582641,0.04437652336538463,1,0.7281952123428971,1.2262575896551797,0.5741744517982124,2.624893857981452,PRUNED
92,0.03102379312099932,2026-07-19 20:27:53.264660,2026-07-19 20:27:53.719548,0 days 00:00:00.454888,45,0.08892861325892451,0.641769998293053,0.644928275539966,2.8229914660792432,0.04801437228273862,1,0.6923122465929292,1.310178006365748,0.6322657056617572,2.6978809224608185,PRUNED
93,0.09257062838235773,2026-07-19 20:27:53.720477,2026-07-19 20:27:54.165926,0 days 00:00:00.445449,43,0.11082769859230858,0.5399738439924248,0.9588983345313262,4.0032310777284,0.1156632206479911,1,0.5684182079575992,1.1725840085340962,0.5841838275043201,2.7847131107628,PRUNED
94,-2.34135309824977,2026-07-19 20:27:54.166527,2026-07-19 20:27:54.993511,0 days 00:00:00.826984,26,0.1411290833262187,0.47152532860750895,0.8261262959485783,1.7199547524195855,0.052384434730963374,1,0.8017917152503954,1.595214171344785,0.5484331107275233,2.437484920885881,COMPLETE
95,-0.1933187202177557,2026-07-19 20:27:54.994299,2026-07-19 20:27:55.320378,0 days 00:00:00.326079,28,0.11470778684627013,0.3711524950682036,0.7239696548096133,2.3299558475606608,0.0640610612387675,1,0.8213552212201675,1.6800861289697686,0.5325741604373304,2.522460649597773,PRUNED
96,-0.3757850873727099,2026-07-19 20:27:55.321045,2026-07-19 20:27:55.654182,0 days 00:00:00.333137,25,0.15489264078084275,0.4762018362742231,0.5917402578922779,4.80483682586792,0.05101315776919845,1,0.6107624965232084,1.6152696507023188,0.501995265480481,2.406146275101317,PRUNED
97,-3.2873108825068593,2026-07-19 20:27:55.654934,2026-07-19 20:27:56.590937,0 days 00:00:00.936003,23,0.3082292120117744,0.6926232694025016,1.822937227629774,1.0461471117061718,0.055858891872662575,1,0.8523418032549598,1.707797728734724,0.46100638631396457,2.868461733272526,COMPLETE
98,-0.4657911197205194,2026-07-19 20:27:56.592047,2026-07-19 20:27:56.911460,0 days 00:00:00.319413,30,0.06462726211992997,0.22950149513816823,1.8844429932934361,4.634274420075806,0.05284427826080361,3,1.0597833118621331,1.195730698185743,0.5438815041840042,2.2048648060140947,PRUNED
99,-0.05246601358777279,2026-07-19 20:27:56.912140,2026-07-19 20:27:57.400130,0 days 00:00:00.487990,28,0.5623839452406076,0.3159337861895759,2.1430310090729634,4.924124365972132,0.05770836029126035,1,1.0840577072096833,0.9363828012773109,0.7017707445641409,2.4321989495223773,PRUNED
100,-0.33741916346689116,2026-07-19 20:27:57.400721,2026-07-19 20:27:57.733527,0 days 00:00:00.332806,26,0.3663894750569235,0.19358394992769612,0.5627703181027361,1.6165082665393828,0.04325541749160031,2,0.765042763551906,1.937310643639565,0.42036457597918414,2.342065300411467,PRUNED
101,-0.35639312060820505,2026-07-19 20:27:57.734153,2026-07-19 20:27:58.125957,0 days 00:00:00.391804,42,0.11475314361015565,0.44321916686478685,0.8514335251287469,2.264168403343593,0.0398556402405974,1,1.143612167616242,1.513260054304029,0.6075781907715716,2.5627637065625177,PRUNED
102,0.09173612642507578,2026-07-19 20:27:58.126615,2026-07-19 20:27:58.603207,0 days 00:00:00.476592,44,0.1480555853570594,0.7651521895348692,1.025374895846511,3.9090199738336193,0.04784964704833469,1,0.6620270152550324,1.4572202138643053,0.5640696900016654,2.63059277379853,PRUNED
103,-0.3022794491960779,2026-07-19 20:27:58.603829,2026-07-19 20:27:58.939145,0 days 00:00:00.335316,35,0.2215835067474785,0.8221353192876378,0.7581411783654577,1.3872777859615018,0.045906625820942244,1,1.0105436788843662,1.7302935952894172,0.5240921661546234,2.4841122100079787,PRUNED
104,-2.2910806968453308,2026-07-19 20:27:58.939928,2026-07-19 20:27:59.843137,0 days 00:00:00.903209,26,0.1027993699278588,0.9238270105391221,0.6638040967085488,4.482264127539254,0.03631248194568594,1,1.183587814187478,1.601243790084901,0.6357534935981022,2.7467546471453836,COMPLETE
105,-0.2684982092945264,2026-07-19 20:27:59.843825,2026-07-19 20:28:00.324296,0 days 00:00:00.480471,26,0.12459409724239341,0.9999449952995627,0.5068395864811921,4.4270855983877375,0.036078997103959,1,1.1889971826559564,1.6531886062881491,0.6666332037950746,2.8165654204805426,PRUNED
106,-0.3402863399656312,2026-07-19 20:28:00.324908,2026-07-19 20:28:00.665836,0 days 00:00:00.340928,24,0.08497537599353686,0.9635315578845629,0.6702512200466311,1.9989488395464003,0.04173820973583827,1,1.1697341441045392,1.7935326237543856,0.6369412292159227,2.689994526908155,PRUNED
107,-0.20348643885522713,2026-07-19 20:28:00.666677,2026-07-19 20:28:01.203214,0 days 00:00:00.536537,22,0.10228037912187221,0.9293107988106512,0.8217751078529789,4.240421443639364,0.03216761627525619,1,1.131630389704989,1.0242847545519207,0.6175606204820139,2.7551012024576735,PRUNED
108,0.11907921757828187,2026-07-19 20:28:01.203809,2026-07-19 20:28:01.791307,0 days 00:00:00.587498,30,0.07888426114274966,1.1092113500830405,1.9649011030956451,4.4712279119673255,0.03809808515392279,1,1.1854093603171427,1.120746048447735,0.5902203839720903,2.8988924363613977,PRUNED
109,-2.695877222101304,2026-07-19 20:28:01.791914,2026-07-19 20:28:02.560290,0 days 00:00:00.768376,27,0.7195408910040403,0.9071670873474478,1.4621116992561418,4.329103175027733,0.06092043868290138,1,1.034900943639741,1.3819851919721686,0.6564328104865123,2.940279255801146,COMPLETE
110,-4.9538024945497545,2026-07-19 20:28:02.560945,2026-07-19 20:28:03.416103,0 days 00:00:00.855158,27,0.9990364727063173,0.9033018833602975,1.4132884453412573,4.309512193576559,0.06788812820028063,2,0.9525036940108146,1.569450412160017,0.47880615730075077,2.958924019904626,COMPLETE
111,-3.608996560525207,2026-07-19 20:28:03.416976,2026-07-19 20:28:04.225274,0 days 00:00:00.808298,32,0.7284159222436577,0.8074154375471001,1.757282125103052,4.5919824819183095,0.061090122880938444,1,1.032390686469411,1.343855464581568,0.6826017744308462,2.827310853082477,COMPLETE
112,-2.9374273062118466,2026-07-19 20:28:04.225879,2026-07-19 20:28:05.128411,0 days 00:00:00.902532,27,0.6349538797368378,0.8619084146902268,1.6446961135014462,4.150974659152293,0.054644729324321954,1,1.0023179733812673,1.2710788246049831,0.6444837539394941,2.937058762525591,COMPLETE
113,-0.2370030303118719,2026-07-19 20:28:05.129170,2026-07-19 20:28:05.465655,0 days 00:00:00.336485,29,0.5136335692648666,0.7537177630862159,1.4903941014330824,4.70854058606116,0.06456917556606113,1,1.1147707618971996,1.596919187205674,0.6654158216084768,2.9919382108778376,PRUNED
114,-0.36327041941219484,2026-07-19 20:28:05.466314,2026-07-19 20:28:05.796239,0 days 00:00:00.329925,25,0.4375485654684329,1.7397823822005751,1.5445122368551598,4.350044550545538,0.05840273912879494,1,0.9877337249710859,1.0874084500164736,0.5481919282594861,2.8763452392212807,PRUNED
115,-2.2768337992522936,2026-07-19 20:28:05.796922,2026-07-19 20:28:06.582772,0 days 00:00:00.785850,24,0.6880100631028826,0.14943605645234143,1.2685572927394761,4.022862181183309,0.0343712370055597,1,1.1516997865804883,1.367004651787572,0.6129778254116227,2.739353980164573,COMPLETE
116,-0.281465443760913,2026-07-19 20:28:06.583626,2026-07-19 20:28:07.117213,0 days 00:00:00.533587,24,0.6912298449655876,0.13895211489604795,1.2700653228387484,4.001142997043687,0.03092991133037585,1,1.1512610920053297,1.8461468437426685,0.7204970094634219,2.6558815064374577,PRUNED
117,-0.3347360553736893,2026-07-19 20:28:07.117865,2026-07-19 20:28:07.436515,0 days 00:00:00.318650,22,0.5791671531333952,0.29119429026243765,1.4090267067966566,3.750749049551951,0.03383039179786915,1,1.1993616830884015,1.366007377538531,0.5718395721107977,2.777378865943866,PRUNED
118,0.02286952535162224,2026-07-19 20:28:07.437262,2026-07-19 20:28:07.926838,0 days 00:00:00.489576,26,0.8282054304385567,0.38263012711169525,1.1216190883887682,4.084334625996408,0.03744797521292691,1,1.174712825499721,1.3807928590506569,0.5049350397037827,2.7365842297195595,PRUNED
119,-0.4383869790632709,2026-07-19 20:28:07.927977,2026-07-19 20:28:08.461088,0 days 00:00:00.533111,19,0.4068682283849805,0.19396943764555763,1.3084614851912224,4.850734214880579,0.04310368444119245,1,0.8722909563508742,1.4747885835836994,0.6100371103627775,2.920198772878834,PRUNED
120,-0.1862644326266643,2026-07-19 20:28:08.461678,2026-07-19 20:28:08.778901,0 days 00:00:00.317223,28,0.9153784819576302,0.0628979624654166,1.2363727471129193,4.521477463998473,0.04044127082455728,2,1.1617463251103346,1.3096990597686313,0.6552263135055187,2.6946719473998857,PRUNED
121,0.07231406913114767,2026-07-19 20:28:08.779600,2026-07-19 20:28:09.306759,0 days 00:00:00.527159,16,0.3401064296381583,1.065711936650309,1.0436173811588578,3.903320302313139,0.03526609498120179,1,1.1415924332881453,1.2285161885778275,0.6268199501108682,2.5968067467849454,PRUNED
122,-0.32070978112886317,2026-07-19 20:28:09.307396,2026-07-19 20:28:09.622427,0 days 00:00:00.315031,40,0.7441986331353307,0.2449402786133736,1.163288734496761,3.562882526480354,0.0521862293223116,1,1.097082259034958,1.528180535617076,0.692755736913273,2.8213645833688057,PRUNED
123,-2.7177737650770863,2026-07-19 20:28:09.623186,2026-07-19 20:28:10.468842,0 days 00:00:00.845656,26,0.617529091410489,0.6289906529198038,0.5965382409240195,4.186485449123119,0.04923552727705592,1,1.075630220573716,1.1489465913159171,0.583296736379583,2.7356531321241357,COMPLETE
124,-0.2688767029832497,2026-07-19 20:28:10.469747,2026-07-19 20:28:10.786283,0 days 00:00:00.316536,24,0.477629557194852,0.9932429648862713,2.2297973304805887,3.8109823717246254,0.06228147669869048,1,1.1218914458105793,1.2006612965825885,0.5987525782342373,2.45586417658264,PRUNED
125,-2.9509309897540144,2026-07-19 20:28:10.786893,2026-07-19 20:28:11.561933,0 days 00:00:00.775040,37,0.18218085259988964,0.337021048080915,2.4142158163359766,4.6693851343311445,0.04606989193361961,1,1.1810385961324308,1.2628804692546982,0.5532936328022563,2.5446793703818638,COMPLETE
126,-0.37813291899579254,2026-07-19 20:28:11.562598,2026-07-19 20:28:11.957401,0 days 00:00:00.394803,41,0.28689530815883524,0.8357480716609238,1.3445830391695939,3.3888443339875054,0.07081706814258029,1,1.0362229656150193,1.3926817491608001,0.5250262039678335,2.856671206623663,PRUNED
127,-0.3510650835610993,2026-07-19 20:28:11.958241,2026-07-19 20:28:12.285916,0 days 00:00:00.327675,39,0.3862543447907062,0.906925769304725,0.7135746259072574,4.366169482236732,0.03980616315373965,1,1.1549255519138553,1.4410063815560683,0.5382405939331562,2.7891639223257014,PRUNED
128,-0.30518234020459256,2026-07-19 20:28:12.286482,2026-07-19 20:28:12.605009,0 days 00:00:00.318527,31,0.5383459587901632,0.9493694396562316,0.6685325226180594,4.472838528192856,0.044092690912538104,1,1.0616264142260903,1.5876334841585813,0.6518789850505468,2.630646097457843,PRUNED
129,-0.43162891153983046,2026-07-19 20:28:12.605741,2026-07-19 20:28:13.089683,0 days 00:00:00.483942,21,0.6829228433642459,0.160698480194816,2.0664896971634312,4.216471303056875,0.030096729445360175,3,1.0164603652147062,1.1696082156487255,0.46326635730367743,2.6673792525073825,PRUNED
130,0.0663497219832927,2026-07-19 20:28:13.090319,2026-07-19 20:28:13.662371,0 days 00:00:00.572052,23,0.14309071402915624,0.7140040418718955,0.5540809980692876,4.074616719002118,0.1390210135999392,1,1.1115021923565769,1.7471822214828328,0.4891943705986102,2.370836827215056,PRUNED
131,-3.73443944823638,2026-07-19 20:28:13.663252,2026-07-19 20:28:14.465284,0 days 00:00:00.802032,25,0.6069996178820857,0.6216988936744887,0.5833621945639644,4.223170483776726,0.04975563581736507,1,1.0711434777820523,1.1516814468790164,0.5933567538515844,2.9011758104398715,COMPLETE
132,-0.3138864020116743,2026-07-19 20:28:14.465953,2026-07-19 20:28:14.806050,0 days 00:00:00.340097,26,0.8193094706723607,0.494704677507277,0.620672940992084,3.723216554965943,0.048243508815317325,1,1.0503714003204676,1.0554645410645929,0.585386085560009,2.7405417152029794,PRUNED
133,-2.9218834144982693,2026-07-19 20:28:14.807097,2026-07-19 20:28:15.676265,0 days 00:00:00.869168,29,0.6304886250798545,0.7931820889318889,0.779445669845599,3.2755849110881052,0.05786554619517688,1,1.166182407056521,1.1293606665180536,0.6261069676933144,2.721474432465452,COMPLETE
134,0.15909396989095645,2026-07-19 20:28:15.676906,2026-07-19 20:28:16.135951,0 days 00:00:00.459045,27,0.44631383756062165,0.4187645895847809,0.8967291253383426,4.5686489606326175,0.050920939316977304,1,1.0830691635790044,1.216183322288271,0.5653059685876798,2.7761006156906185,PRUNED
135,-0.3777032739546911,2026-07-19 20:28:16.136569,2026-07-19 20:28:16.479287,0 days 00:00:00.342718,28,0.5574132845045354,0.5291545548497537,0.5364512736915822,3.945824623414646,0.05413864065389596,1,1.1906033104553926,1.2522096475031095,0.5146567300394151,2.9597824143869396,PRUNED
136,0.05724862440133014,2026-07-19 20:28:16.480014,2026-07-19 20:28:17.050391,0 days 00:00:00.570377,26,0.7249933798525325,0.36623242151597457,1.676144174926342,4.770535271387257,0.03592460367309264,1,1.1382219975458638,1.318920022942552,0.6121205910237,2.5018527688998407,PRUNED
137,-0.2529767838522406,2026-07-19 20:28:17.051150,2026-07-19 20:28:17.364996,0 days 00:00:00.313846,25,0.47821138057955415,0.668208721032611,1.9913560544831435,0.5109969826804559,0.04164500511834738,1,1.1282900302211236,1.878311426041821,0.5577239855117223,2.5692583126821784,PRUNED
138,-3.4255219642923396,2026-07-19 20:28:17.365820,2026-07-19 20:28:18.178282,0 days 00:00:00.812462,42,0.7904737696526928,0.11392341172286638,0.6269276793102619,4.333605033199848,0.06612262307217445,2,0.5234886503675071,1.6383293677427213,0.5782341483475613,2.864894557157585,COMPLETE
139,-0.3559095892222607,2026-07-19 20:28:18.179076,2026-07-19 20:28:18.489791,0 days 00:00:00.310715,23,0.26538971080240664,0.8885958160391946,1.928835737959383,4.135020613436023,0.04645993991266161,1,0.9871581079650029,1.6932973881133035,0.5395013695299126,2.3049868110808145,PRUNED
140,-0.2527008868860152,2026-07-19 20:28:18.490580,2026-07-19 20:28:19.042907,0 days 00:00:00.552327,27,0.07292961667349887,0.2807752838654308,0.7257926369062593,4.444712921275713,0.033598894389817884,1,1.1015172451581599,1.086552597889234,0.6427627835016642,2.679673266624117,PRUNED
141,-0.2916100820332729,2026-07-19 20:28:19.043572,2026-07-19 20:28:19.358351,0 days 00:00:00.314779,48,0.10872327448069463,0.5827437605618362,0.8159984360020934,2.64817717547885,0.04482486359010407,1,0.6148033817177998,1.432417718253761,0.5785804118060216,2.6088808885378496,PRUNED
142,-0.26580574617774055,2026-07-19 20:28:19.358927,2026-07-19 20:28:19.661669,0 days 00:00:00.302742,44,0.12976104801888189,0.4405668136419452,0.9760162954317605,3.0560148943720327,0.056109952568874404,1,0.7182888582844205,1.4873970338099136,0.6164399987197978,2.709768757773851,PRUNED
143,-2.8643304373101897,2026-07-19 20:28:19.662395,2026-07-19 20:28:20.593787,0 days 00:00:00.931392,46,0.10154355313824456,0.493432841154192,0.9323969362154216,1.9725374197022703,0.03862991090156371,1,0.6734946623368365,0.988384554943176,0.6777976540515588,2.6398286348883273,COMPLETE
144,-0.37362992179681276,2026-07-19 20:28:20.594471,2026-07-19 20:28:20.908986,0 days 00:00:00.314515,45,0.12582445830878103,0.623819077872819,2.280804229866203,1.8953802197886782,0.052401447663282696,1,0.8230826481036451,1.2848299672375982,0.5204699256821533,2.753303531169054,PRUNED
145,-0.2932302963268368,2026-07-19 20:28:20.909684,2026-07-19 20:28:21.229398,0 days 00:00:00.319714,47,0.8708213024517806,0.5676371227689063,2.3528153192663535,2.8654680268731445,0.0496453244820373,1,1.1770319607769248,1.3506708870235238,0.6010413896269213,2.8224759065944864,PRUNED
146,-0.364214020451453,2026-07-19 20:28:21.230029,2026-07-19 20:28:21.598556,0 days 00:00:00.368527,43,0.20849843792102832,0.694673090242017,1.5782936999342976,1.705486756024597,0.043304833661208825,1,1.1557055815152608,1.5345436352070705,0.5513646702091918,2.552860134044818,PRUNED
147,-0.2655168358706139,2026-07-19 20:28:21.599336,2026-07-19 20:28:21.937688,0 days 00:00:00.338352,38,0.6306585621700099,0.7592958093263756,0.6775192586499971,4.054817790941539,0.05959713363961237,1,0.7698690844909539,1.1857335098148716,0.5029795794612227,2.9995523744694097,PRUNED
148,-0.35386667110971004,2026-07-19 20:28:21.938535,2026-07-19 20:28:22.347196,0 days 00:00:00.408661,41,0.5149635359970924,0.4612570411609551,0.5048795767763253,2.1743432176629547,0.03808292845765854,1,0.7918972209741996,1.1304648182543309,0.63367583814619,2.438886194658122,PRUNED
149,-0.32882533115101936,2026-07-19 20:28:22.348236,2026-07-19 20:28:22.673913,0 days 00:00:00.325677,24,0.16324403967861925,0.5413109925365416,1.0697018776439884,4.297625093577192,0.04211308320857848,1,1.0395212613707348,1.7870514266095545,0.5639633203468684,2.6701344249134666,PRUNED
150,-3.2243021845196114,2026-07-19 20:28:22.674676,2026-07-19 20:28:23.460049,0 days 00:00:00.785373,26,0.028055282685120007,1.026655714677749,1.4580568009557964,3.8681315830978478,0.0630670994302408,1,0.5515626125859563,1.4119308340357797,0.5904500725114329,2.7993251878488317,COMPLETE
