number,value,datetime_start,datetime_complete,duration,params_ema_span,params_gamma,params_imbalance_skew_factor,params_inventory_skew_factor,params_k,params_max_drawdown_pct,params_max_inventory_lots,params_range_spread_multiplier,params_tau,params_trend_size_multiplier,params_trend_spread_multiplier,state
227,-0.3806480414920359,2026-07-19 20:28:59.538280,2026-07-19 20:28:59.925418,0 days 00:00:00.387138,42,0.4085811612221602,0.2763063211266414,2.4929666093884393,4.282079493659297,0.05017133659782617,1,1.0071500020398974,1.2777148121298978,0.738066772462151,2.7733917162979185,PRUNED
228,0.06004913835682184,2026-07-19 20:28:59.926216,2026-07-19 20:29:00.361195,0 days 00:00:00.434979,25,0.2629584801125041,0.9381443998798709,0.7641268343069075,3.985222349089215,0.05394596014720189,1,1.1501631505469176,1.1452164134219425,0.6853987674386363,2.587708843965291,PRUNED
229,-0.09050293309046499,2026-07-19 20:29:00.361806,2026-07-19 20:29:00.817764,0 days 00:00:00.455958,27,0.5993014199544385,0.34531899663980237,1.8480777204823522,4.467394505322048,0.04200055390547896,1,1.1749501525211947,1.1125257986323582,0.48426812172217465,2.324066524247104,PRUNED
230,-3.0806159179389523,2026-07-19 20:29:00.818595,2026-07-19 20:29:01.640527,0 days 00:00:00.821932,37,0.4557312539693222,0.210276952261175,0.8298473686214953,4.627118220194879,0.047344657474636,1,1.1890230222015388,1.1774232305366752,0.6060249440142139,2.6813746343330043,COMPLETE
231,0.16196986992217452,2026-07-19 20:29:01.641240,2026-07-19 20:29:02.061865,0 days 00:00:00.420625,38,0.3464714783587741,0.980100114411608,2.680963314407498,3.486279214461118,0.057466102700931124,1,1.1038275089326501,1.101202673529956,0.5901053704022156,1.7772508759758674,PRUNED
232,-0.28490874083573503,2026-07-19 20:29:02.062448,2026-07-19 20:29:02.349803,0 days 00:00:00.287355,39,0.36824936326665486,1.0150645030542542,0.5564642987923611,3.090413960727944,0.054410854736686186,1,1.0774050421925638,1.0510455018285518,0.5709453024743182,2.6568656692996533,PRUNED
233,-0.31148416406849244,2026-07-19 20:29:02.350431,2026-07-19 20:29:02.679140,0 days 00:00:00.328709,40,0.30938566458415984,0.9013966295383958,2.754792828293046,3.445276687415865,0.052602072836256314,1,0.5972693907903472,1.1407771266289506,0.7653792301728098,2.5441267074780236,PRUNED
234,-0.22331719235178013,2026-07-19 20:29:02.679735,2026-07-19 20:29:03.166803,0 days 00:00:00.487068,39,0.3325710624092559,1.0454815784660427,2.6102963022989227,3.3982981832385217,0.03696034940234938,1,1.0939178576119792,1.4559195199957247,0.5609790070326761,2.075940537640334,PRUNED
235,-0.009710553113037009,2026-07-19 20:29:03.167646,2026-07-19 20:29:03.591284,0 days 00:00:00.423638,27,0.6600715456512526,0.976191738370004,0.938150184919929,3.576576977929806,0.05044686708280893,1,0.7809346028818581,1.8053916540620387,0.602576782685534,2.616647784990734,PRUNED
236,0.1669597525708099,2026-07-19 20:29:03.591951,2026-07-19 20:29:04.011473,0 days 00:00:00.419522,26,0.39343535091333787,0.8687781481878449,2.2538142619567254,4.151813574651676,0.06042715959804794,1,1.1428712034639141,1.405662614817612,0.5845990738314276,2.7111570695658935,PRUNED
237,-0.37579942897278984,2026-07-19 20:29:04.012136,2026-07-19 20:29:04.309598,0 days 00:00:00.297462,44,0.7853820003942845,0.161391641903632,2.1663142657820837,4.277082902120745,0.044158851434983874,1,1.1995470149483676,1.5883088727310146,0.7161196078736236,2.9288923149455734,PRUNED
238,0.15294792084224354,2026-07-19 20:29:04.310414,2026-07-19 20:29:04.814015,0 days 00:00:00.503601,43,0.16454137479216444,0.8285479645048514,2.9498631534281454,3.7310655634629843,0.040147522795249545,1,1.123015466633354,1.9166940866720203,0.5389117536567977,2.678286564711401,PRUNED
239,-3.315724961412716,2026-07-19 20:29:04.814740,2026-07-19 20:29:05.544151,0 days 00:00:00.729411,18,0.2738910867946368,0.9378953087199691,1.0542638021415967,4.8995567482639615,0.06564780012951348,2,1.0528027020533557,1.6409899628757274,0.6394274577984975,2.7486933467662777,COMPLETE
240,0.038531002043275746,2026-07-19 20:29:05.544988,2026-07-19 20:29:06.057836,0 days 00:00:00.512848,16,0.6933730308564428,0.006467899161299594,1.9762566430962545,3.87363471723723,0.05618330001153586,1,1.1754433242226252,1.213662534479643,0.5007290169301427,2.811511971855619,PRUNED
241,-0.3405767772239897,2026-07-19 20:29:06.058422,2026-07-19 20:29:06.361828,0 days 00:00:00.303406,41,0.10179397784450189,0.39553649419064413,0.9202897551588808,2.0050582070593927,0.037239729906640616,1,0.6991618302941223,0.9049241709745168,0.7004521796675707,1.0038112027484187,PRUNED
242,-0.23817464749274522,2026-07-19 20:29:06.362576,2026-07-19 20:29:06.715663,0 days 00:00:00.353087,46,0.10960108429057851,0.5010261848776411,0.9835057929837191,1.6291473094175943,0.039241942219139764,1,0.6850360570250397,1.0121937900697757,0.6631243276472245,2.631193530606142,PRUNED
243,-2.265517428716523,2026-07-19 20:29:06.716369,2026-07-19 20:29:07.504821,0 days 00:00:00.788452,26,0.3471127125072473,0.47405183646845506,0.8568190729898191,3.208471451314807,0.043290800423383465,1,0.7520975133253791,1.0903683210936135,0.6665126987201607,2.602267396843705,COMPLETE
244,-0.23998791925570068,2026-07-19 20:29:07.505524,2026-07-19 20:29:07.886622,0 days 00:00:00.381098,26,0.3421017239515739,0.4399101557151305,0.8523603223082951,3.3379315228350435,0.04488947246446775,1,1.087770158579368,1.0850636859947564,0.6546981163637204,2.5743032048483894,PRUNED
245,-2.8814369748122575,2026-07-19 20:29:07.887243,2026-07-19 20:29:08.643621,0 days 00:00:00.756378,24,0.30220606252233045,0.11343643054162135,0.796054981028531,3.2498336261209486,0.04783392511197278,1,0.7549734494658276,1.1282287175706485,0.6253674525096443,2.508735737496017,COMPLETE
246,-0.19650158735404205,2026-07-19 20:29:08.644506,2026-07-19 20:29:08.975620,0 days 00:00:00.331114,48,0.36818325211318026,0.4916879336864314,0.8597234986011306,3.1720615269329118,0.043149306359144324,1,0.7247450517377179,1.071323040197687,0.6755049387148375,1.2699513926136163,PRUNED
247,-0.3585841638616206,2026-07-19 20:29:08.976261,2026-07-19 20:29:09.375470,0 days 00:00:00.399209,27,0.41938643084524313,0.5593816113645596,0.7306608717923169,3.009524471573209,0.049502641256809234,1,1.158893974348454,1.169138458138075,0.5519500826960779,2.7129785486559364,PRUNED
248,0.034818374038687615,2026-07-19 20:29:09.376170,2026-07-19 20:29:09.834318,0 days 00:00:00.458148,25,0.3169651300371681,0.07539316395311078,0.6314587355919592,4.118361299539536,0.0629824135556285,3,1.0675263325406121,1.1044880718462198,0.6436719243403052,2.604995794684227,PRUNED
249,-0.3556460011284259,2026-07-19 20:29:09.834902,2026-07-19 20:29:10.137061,0 days 00:00:00.302159,28,0.5356121269287312,0.4219773612442782,2.533620287128344,3.267432896747367,0.052199703876199766,1,1.1712604580196135,1.2377065648884527,0.7415522895151943,2.667354313120041,PRUNED
250,-0.3187661278891893,2026-07-19 20:29:10.137870,2026-07-19 20:29:10.436312,0 days 00:00:00.298442,20,0.3488234550237756,0.8759671483358118,1.3093531396274178,4.370553501797121,0.04157860210613275,1,1.1857167220423364,1.3641285581766192,0.6101503454124177,2.7702963410498294,PRUNED
251,-1.9459348702675479,2026-07-19 20:29:10.436899,2026-07-19 20:29:11.272772,0 days 00:00:00.835873,26,0.38977748463049766,1.1122955839764481,2.8003836581926578,4.233787076593631,0.05880305506996245,1,0.7833940648062532,1.0411502124384577,0.29928145365778974,1.7961455427066237,COMPLETE
252,-0.048647683333963986,2026-07-19 20:29:11.273847,2026-07-19 20:29:11.692725,0 days 00:00:00.418878,26,0.39174648698822706,1.1198661882003342,1.5774738202546261,4.213148898290921,0.06077069267708394,1,0.7770082723436519,0.9924596369207419,0.28017282570155644,1.9015336728687617,PRUNED
253,-0.23197266724815158,2026-07-19 20:29:11.693298,2026-07-19 20:29:11.998362,0 days 00:00:00.305064,27,0.4319500405592419,0.7832399318734061,0.881905231126281,4.038976760401735,0.058528030648642274,2,0.7511989284695954,0.9700004758783235,0.3511483000459635,1.4915899163314081,PRUNED
254,-0.26414950733350917,2026-07-19 20:29:11.998979,2026-07-19 20:29:12.337497,0 days 00:00:00.338518,25,0.5037905454960677,1.1298355193180314,0.7847654049253686,2.149209205863448,0.03499649610968021,1,0.7315444528820562,1.0274684611990685,0.6930131977315004,1.9918350941819891,PRUNED
255,0.09506213056598208,2026-07-19 20:29:12.338336,2026-07-19 20:29:13.173917,0 days 00:00:00.835581,26,0.7586350340928648,0.6435523311447637,0.5007246272372604,4.4566889918799575,0.031550281349964925,1,0.7419564961892969,1.059130966073019,0.7214600788065114,1.6292781517050938,PRUNED
256,-0.35829059530321805,2026-07-19 20:29:13.174503,2026-07-19 20:29:13.469678,0 days 00:00:00.295175,28,0.6095444892110474,0.0404834805203422,1.3754405646642063,4.256166982642033,0.046313726831052685,1,0.8137140589628662,1.9638012018722204,0.3755781531635848,1.7008974416704374,PRUNED
257,-0.19801856012530167,2026-07-19 20:29:13.470245,2026-07-19 20:29:13.765254,0 days 00:00:00.295009,24,0.2501000454638796,1.276882830337995,1.2429522509692807,4.33409262619132,0.06726047049454956,1,1.0266775628637976,1.8532770279121134,0.2365432032952081,1.550413087066,PRUNED
258,-0.3515322323164576,2026-07-19 20:29:13.766035,2026-07-19 20:29:14.069952,0 days 00:00:00.303917,45,0.19081608883701276,0.20307395498498695,0.6935865375340936,4.097805327296288,0.044681454073212105,1,0.8006566033553856,1.737029899192768,0.7966271325313365,2.2293063625005884,PRUNED
259,0.14710717530784337,2026-07-19 20:29:14.070496,2026-07-19 20:29:14.579772,0 days 00:00:00.509276,14,0.30703015730562755,0.46887246955970446,0.588886687928285,3.9857975138441954,0.06305227499822233,1,1.1994952488116122,1.7960142726555763,0.519920710573662,2.9550729218783602,PRUNED
260,0.12809321069357282,2026-07-19 20:29:14.580472,2026-07-19 20:29:15.012038,0 days 00:00:00.431566,27,0.8681796122797459,1.2268526915886095,0.8337476512325809,4.569597229772044,0.05835466552083765,2,0.8333213931455372,1.192691171175548,0.6677500629122025,1.786266758257448,PRUNED
261,0.06799451444152302,2026-07-19 20:29:15.012636,2026-07-19 20:29:15.442195,0 days 00:00:00.429559,42,0.279679294607565,0.2833574276096665,2.7667889126074345,4.197853557051759,0.041558748587023714,1,0.7816357807435815,1.3281176843669382,0.40021370621394575,1.401060821446929,PRUNED
262,-0.20013252355565792,2026-07-19 20:29:15.442764,2026-07-19 20:29:15.811414,0 days 00:00:00.368650,29,0.664413596822768,0.5990626945930418,2.811219840301911,1.3507272493045743,0.04820468112631675,1,1.1630287869730256,1.127217259280729,0.8461627823978045,2.4121876603338084,PRUNED
263,-2.417280605505576,2026-07-19 20:29:15.811983,2026-07-19 20:29:16.535581,0 days 00:00:00.723598,26,0.12494992191724151,0.1342745879068572,2.040385152972673,4.386057344393949,0.03820814000974995,1,0.9397967368423809,1.0393588641297784,0.5752465763732888,2.888222779087974,COMPLETE
264,-0.22202608263968318,2026-07-19 20:29:16.536266,2026-07-19 20:29:16.827865,0 days 00:00:00.291599,25,0.5733073194278487,0.14519339412023646,1.9920442820467896,4.426196314586735,0.03756361926400237,1,0.9495220301523213,1.0541533162658727,0.582589147445161,2.8748060104781294,PRUNED
265,-0.3100854840136018,2026-07-19 20:29:16.828467,2026-07-19 20:29:17.132811,0 days 00:00:00.304344,26,0.12263411773271642,1.188942247646521,1.9284796676652467,4.500654676936503,0.04064686535490575,1,0.9045482661450033,1.0143770949686812,0.5705864683630067,2.955887775820041,PRUNED
266,-0.36389543127441304,2026-07-19 20:29:17.133385,2026-07-19 20:29:17.507569,0 days 00:00:00.374184,23,0.13643112539798316,0.24570081740107613,2.0491900337270783,4.6954963515612125,0.039731000646736174,1,0.563974519508407,1.0813034228475198,0.5435249318505271,2.916070722145742,PRUNED
267,-1.5498787175539,2026-07-19 20:29:17.508240,2026-07-19 20:29:18.250695,0 days 00:00:00.742455,35,0.11659038920390698,0.743141082825262,1.8981344730383283,4.375272885178869,0.03395922863343958,1,0.9583361180429579,1.04674808290899,0.27825013796841513,2.810492398015759,COMPLETE
268,-3.4894028186303827,2026-07-19 20:29:18.251331,2026-07-19 20:29:19.049362,0 days 00:00:00.798031,27,0.4743294453852167,0.7405242119875921,1.9186196982468564,4.353524144632763,0.03584647165305509,1,0.9282885206769985,0.9901982039806618,0.2863937496146994,2.822769377495886,COMPLETE
269,-3.080574296960764,2026-07-19 20:29:19.050010,2026-07-19 20:29:19.803617,0 days 00:00:00.753607,35,0.11772920691223958,0.741712973010157,1.869988443430029,4.388475831911536,0.03514422168475855,2,0.9808495716909397,1.056238601512787,0.30918880049580816,2.8523781442218343,COMPLETE
270,-0.31488710408509585,2026-07-19 20:29:19.804189,2026-07-19 20:29:20.085824,0 days 00:00:00.281635,36,0.12279302324369992,0.6690034313457963,2.145740736005001,4.300238541393928,0.03453819058166187,1,1.0101727436936914,1.0331893823377456,0.5966802576676121,2.884340679070354,PRUNED
271,-0.2744629763014941,2026-07-19 20:29:20.086563,2026-07-19 20:29:20.584843,0 days 00:00:00.498280,25,0.10493102370014823,0.8098638177325757,1.8239452477201838,4.484803235877425,0.03141762754209151,1,0.939398117860626,1.098719047078351,0.2793926236817788,2.8010624316904793,PRUNED
272,-1.3092879674635887,2026-07-19 20:29:20.585438,2026-07-19 20:29:21.297783,0 days 00:00:00.712345,32,0.04819429525033556,0.33595894827288725,2.094758790009579,4.589922698563315,0.039148602583931144,1,1.039230967049951,0.9608966452393408,0.5541282233456566,2.849744617440697,COMPLETE
273,-0.3948689826348808,2026-07-19 20:29:21.298469,2026-07-19 20:29:21.719337,0 days 00:00:00.420868,32,0.056785334029996165,0.3652591484737582,2.1115592615481926,4.560832045025577,0.037657115016447376,1,1.0327614308335606,1.0366653431182384,0.29102267192365705,2.83877863569285,PRUNED
274,-0.1260792046750678,2026-07-19 20:29:21.719999,2026-07-19 20:29:22.145954,0 days 00:00:00.425955,31,0.07388759385017124,0.32291887328751245,2.0367525716282806,4.836904343458551,0.03423830220490025,1,1.0489931240682233,0.9380628923890654,0.3056397262017799,2.911604408895191,PRUNED
275,-0.12683691705278255,2026-07-19 20:29:22.146543,2026-07-19 20:29:22.448377,0 days 00:00:00.301834,37,0.0651688494382481,0.34977213616295677,1.9632908114251828,4.604998777272304,0.03212845307708712,1,1.0188327768390613,1.0117054078145011,0.5405265388277172,2.7758502598579846,PRUNED
276,-0.005554818610726216,2026-07-19 20:29:22.448988,2026-07-19 20:29:22.893812,0 days 00:00:00.444824,32,0.02044744069597264,1.3984739835222395,2.0742441074990077,4.70105063395106,0.03897440027773889,1,0.9958900827109033,1.146570298349766,0.2540483790950548,2.8718619824667635,PRUNED
277,-0.3282355766154657,2026-07-19 20:29:22.894517,2026-07-19 20:29:23.188439,0 days 00:00:00.293922,33,0.038051069620392106,0.706867055078555,1.9975843762703578,4.244052815900973,0.037279672250669055,1,0.8608955824935552,1.1058346793527076,0.5552522671810733,2.7372843894327805,PRUNED
278,-2.119944595392499,2026-07-19 20:29:23.189225,2026-07-19 20:29:23.999369,0 days 00:00:00.810144,34,0.14265516731153347,0.30797691793812565,2.0878691783967476,4.49082918624901,0.042330732139698,1,1.0339242060515101,0.931062687110409,0.527475250844973,2.834694625179232,COMPLETE
279,-0.4351306637783351,2026-07-19 20:29:24.000083,2026-07-19 20:29:24.295532,0 days 00:00:00.295449,34,0.046473074409390754,0.39172551877080397,2.1062455178299686,4.495624924857397,0.041172386183270286,2,1.0237517982577207,0.8506367387665813,0.5221370638968287,2.824890622929919,PRUNED
280,-2.5743236284363427,2026-07-19 20:29:24.296280,2026-07-19 20:29:25.019108,0 days 00:00:00.722828,36,0.1514888603776634,0.3003129926994377,2.02877860519397,4.743030395753608,0.042254343744579474,1,1.0342900728534012,0.9357366237599717,0.3376948057142626,2.8987407019060365,COMPLETE
281,-0.3746343807451199,2026-07-19 20:29:25.020284,2026-07-19 20:29:25.383944,0 days 00:00:00.363660,36,0.130285903786505,0.28948784306633046,1.999588176932365,4.615426068494143,0.0426212069003948,1,1.0450433124049832,0.9672518845432035,0.2937653889307475,2.9650393406149336,PRUNED
282,-0.30281670962183427,2026-07-19 20:29:25.384698,2026-07-19 20:29:25.686964,0 days 00:00:00.302266,35,0.1451433632569146,0.2936474444548075,2.046480947300805,4.722151724425418,0.03853244936012688,1,1.009303471693091,0.9254423054433422,0.33211770172059757,2.9112064650747276,PRUNED
283,-3.1501315136205608,2026-07-19 20:29:25.687737,2026-07-19 20:29:26.446187,0 days 00:00:00.758450,36,0.14618524542608594,0.33217193824987107,2.1400749270252755,4.763742474355125,0.04310802544683085,1,0.9743788882972553,0.8709802165426093,0.5096093295639218,2.8848046287836855,COMPLETE
284,-0.16437200430403245,2026-07-19 20:29:26.447179,2026-07-19 20:29:26.962506,0 days 00:00:00.515327,33,0.0334345215555369,0.24549623851805874,2.1950884653460907,4.628733595095785,0.0335738149425995,1,1.0416620944570036,0.8950325933297556,0.5335187254870773,2.9319038214324866,PRUNED
285,-0.31603288084003567,2026-07-19 20:29:26.963102,2026-07-19 20:29:27.270934,0 days 00:00:00.307832,30,0.1604385497850611,0.3228928206555147,1.8867446904919294,4.9726559541183795,0.03981333961396616,2,0.9649696972358929,0.961158792644398,0.32774634334409536,2.8488903216642134,PRUNED
286,0.05099074211431438,2026-07-19 20:29:27.271482,2026-07-19 20:29:27.727043,0 days 00:00:00.455561,34,0.04283332757922233,0.22307658003270495,2.066978233487853,4.426994572992436,0.036045498738842385,1,0.9608607772841111,0.9823355121387926,0.23223526472279463,2.806533158351095,PRUNED
287,-0.3585213484853541,2026-07-19 20:29:27.727864,2026-07-19 20:29:28.033591,0 days 00:00:00.305727,34,0.13572518178795084,0.26752695508850094,1.9439920166440672,4.5476529919601,0.04298296440132257,1,0.9125191552588491,0.9438361460821036,0.505613315742525,2.9601889809715396,PRUNED
288,-0.31880659207990525,2026-07-19 20:29:28.034225,2026-07-19 20:29:28.341146,0 days 00:00:00.306921,28,0.02523621439693983,1.0869797729489399,2.0356616025276817,4.38063319444736,0.04026963167751842,1,0.9963749412127216,0.9405384820215136,0.5291374453946122,2.9917249948349047,PRUNED
289,-0.3808238139829971,2026-07-19 20:29:28.342288,2026-07-19 20:29:28.727145,0 days 00:00:00.384857,32,0.39679586471899847,0.3649782096885218,1.1652203472765277,4.770276253843766,0.04481985365490401,1,0.8886690358908623,0.9879240254414273,0.5523697089794605,2.8714821128340144,PRUNED
290,-2.306953024628391,2026-07-19 20:29:28.727835,2026-07-19 20:29:29.471619,0 days 00:00:00.743784,28,0.7167427077033786,0.19066423928157578,2.1942497400819176,4.497527113688464,0.03828478495012276,1,1.034177423139574,0.9299330144478765,0.3213672536493561,2.9039990808533105,COMPLETE
291,0.05943407201756884,2026-07-19 20:29:29.472431,2026-07-19 20:29:29.898941,0 days 00:00:00.426510,35,0.05379093678478315,0.17645128850301922,2.185906885353354,4.837282041020501,0.0378038082217421,1,1.0263774235261638,0.9005451985154265,0.3264530656322139,2.8383120649600135,PRUNED
292,-0.12911618225811414,2026-07-19 20:29:29.899538,2026-07-19 20:29:30.267848,0 days 00:00:00.368310,35,0.9333321532353568,0.20649129089997229,2.2651987101081206,4.53702156976897,0.033201846159777906,1,1.1503728823915844,0.9527941956713886,0.2661041492664643,2.7839902895782154,PRUNED
293,-0.24909051567776022,2026-07-19 20:29:30.268588,2026-07-19 20:29:30.572179,0 days 00:00:00.303591,29,0.7864798787026032,0.3027665974022885,2.1292175292759534,4.647993253640598,0.030269583764819002,2,1.1802226420983817,0.9257825267748361,0.30368990177483546,2.9045044983207204,PRUNED
294,-2.6654326654520673,2026-07-19 20:29:30.572796,2026-07-19 20:29:31.293311,0 days 00:00:00.720515,28,0.3710405429840095,0.24066238253911992,2.3101923855593496,4.428375683116052,0.03924964710504282,3,1.039870638087737,1.0142682706116228,0.36236900224186297,1.4407193802055516,COMPLETE
295,-3.0918251251927584,2026-07-19 20:29:31.293903,2026-07-19 20:29:32.160277,0 days 00:00:00.866374,29,0.0870378423740536,0.18250082200277806,2.2313547219393772,4.54372837731224,0.03618216977773911,1,0.8336310524727841,0.966633435422378,0.3122142713626178,2.776391854008472,COMPLETE
296,-0.32639993966308534,2026-07-19 20:29:32.161065,2026-07-19 20:29:32.457381,0 days 00:00:00.296316,31,0.15303380163110752,0.39799940873036255,2.1879073968000773,4.700908688335807,0.08914555292617393,1,1.1672900324276878,0.9175282576134844,0.34804708785102617,2.8327937466380666,PRUNED
297,-0.21315533416090968,2026-07-19 20:29:32.457944,2026-07-19 20:29:32.753363,0 days 00:00:00.295419,33,0.8329969248646236,0.2641182183262988,2.08895443498283,4.300670881048247,0.04327357670031104,1,0.9454112860706575,0.8839702335816093,0.31937754981880884,2.8900987107320963,PRUNED
298,-3.134561361938322,2026-07-19 20:29:32.754230,2026-07-19 20:29:33.597917,0 days 00:00:00.843687,11,0.4534131145738813,1.794671532383997,2.001709845804715,4.459590859844725,0.04130002624015533,1,1.0158499166751085,0.5124837056143923,0.25761800288390424,2.737708295348921,COMPLETE
299,-0.373401690531205,2026-07-19 20:29:33.598555,2026-07-19 20:29:33.904224,0 days 00:00:00.305669,28,0.6984750798033191,0.13537624407601273,1.9416166862803947,4.91578697210197,0.03828398805929027,1,1.0600081887708759,0.8051915130456226,0.42712049700269583,2.702005146858205,PRUNED
300,0.17471613991367463,2026-07-19 20:29:33.904820,2026-07-19 20:29:34.363530,0 days 00:00:00.458710,30,0.33858324188464717,0.3340094187957749,2.099490234015439,3.8687789978797,0.04520013814716205,1,0.9876287152807697,1.0487405483028087,0.34283347768756456,2.9989287200403516,PRUNED
301,-2.736989077025876,2026-07-19 20:29:34.364123,2026-07-19 20:29:35.190828,0 days 00:00:00.826705,24,0.17321193723430994,0.19022011766709374,2.046490665853137,4.343293997509825,0.04140195249432485,1,1.1768501551896877,1.6975298070223772,0.273769065747627,2.539150933947818,COMPLETE
302,0.13973147093606011,2026-07-19 20:29:35.191645,2026-07-19 20:29:35.652217,0 days 00:00:00.460572,26,0.4186807823837545,0.1423929690979769,2.9721176924966066,4.069095785262742,0.03575399500266012,1,1.1411401782175357,0.9885375915623742,0.884458760229377,2.790962381289804,PRUNED
